Using pre-set license
Built from '2020.2/release' branch; Version is '2020.2.1f1 (270dd8c3da1c) revision 2559448'; Using compiler version '192528614'; Build Type 'Release'
OS: 'Windows 10  (10.0.0) 64bit' Language: 'fr' Physical Memory: 8057 MB
BatchMode: 1, IsHumanControllingUs: 0, StartBugReporterOnCrash: 0, Is64bit: 1, IsPro: 0

 COMMAND LINE ARGUMENTS:
C:\Program Files\2020.2.1f1\Editor\Unity.exe
-adb2
-batchMode
-noUpm
-name
AssetImportWorker0
-projectPath
C:/Users/JIMMY/Projet_Unity/Projet_Programmation3D
-logFile
Logs/AssetImportWorker0.log
-srvPort
58206
Successfully changed project path to: C:/Users/JIMMY/Projet_Unity/Projet_Programmation3D
C:/Users/JIMMY/Projet_Unity/Projet_Programmation3D
Using Asset Import Pipeline V2.
Refreshing native plugins compatible for Editor in 47.03 ms, found 0 plugins.
Preloading 0 native plugins for Editor in 0.00 ms.
Initialize engine version: 2020.2.1f1 (270dd8c3da1c)
[Subsystems] Discovering subsystems at path C:/Program Files/2020.2.1f1/Editor/Data/Resources/UnitySubsystems
[Subsystems] Discovering subsystems at path C:/Users/JIMMY/Projet_Unity/Projet_Programmation3D/Assets
GfxDevice: creating device client; threaded=0
Direct3D:
    Version:  Direct3D 11.0 [level 11.1]
    Renderer: NVIDIA GeForce GTX 1060 3GB (ID=0x1c02)
    Vendor:   
    VRAM:     2988 MB
    Driver:   27.21.14.6140
Initialize mono
Mono path[0] = 'C:/Program Files/2020.2.1f1/Editor/Data/Managed'
Mono path[1] = 'C:/Program Files/2020.2.1f1/Editor/Data/MonoBleedingEdge/lib/mono/unityjit'
Mono config path = 'C:/Program Files/2020.2.1f1/Editor/Data/MonoBleedingEdge/etc'
Using monoOptions --debugger-agent=transport=dt_socket,embedding=1,server=y,suspend=n,address=127.0.0.1:56304
Begin MonoManager ReloadAssembly
Registering precompiled unity dll's ...
Register platform support module: C:/Program Files/2020.2.1f1/Editor/Data/PlaybackEngines/WebGLSupport/UnityEditor.WebGL.Extensions.dll
Register platform support module: C:/Program Files/2020.2.1f1/Editor/Data/PlaybackEngines/MacStandaloneSupport/UnityEditor.OSXStandalone.Extensions.dll
Register platform support module: C:/Program Files/2020.2.1f1/Editor/Data/PlaybackEngines/WindowsStandaloneSupport/UnityEditor.WindowsStandalone.Extensions.dll
Register platform support module: C:/Program Files/2020.2.1f1/Editor/Data/PlaybackEngines/LinuxStandaloneSupport/UnityEditor.LinuxStandalone.Extensions.dll
Register platform support module: C:/Program Files/2020.2.1f1/Editor/Data/PlaybackEngines/LuminSupport/UnityEditor.Lumin.Extensions.dll
Registered in 0.005147 seconds.
Native extension for Lumin target not found
Native extension for LinuxStandalone target not found
Native extension for WindowsStandalone target not found
Native extension for OSXStandalone target not found
Native extension for WebGL target not found
Refreshing native plugins compatible for Editor in 45.46 ms, found 0 plugins.
Preloading 0 native plugins for Editor in 0.00 ms.
Invoked RoslynAnalysisRunner static constructor.
RoslynAnalysisRunner will not be running.
RoslynAnalysisRunner has terminated.
Mono: successfully reloaded assembly
- Completed reload, in  2.613 seconds
Platform modules already initialized, skipping
Registering precompiled user dll's ...
Registered in 0.001360 seconds.
Begin MonoManager ReloadAssembly
Native extension for Lumin target not found
Native extension for LinuxStandalone target not found
Native extension for WindowsStandalone target not found
Native extension for OSXStandalone target not found
Native extension for WebGL target not found
Refreshing native plugins compatible for Editor in 52.60 ms, found 0 plugins.
Preloading 0 native plugins for Editor in 0.00 ms.
Invoked RoslynAnalysisRunner static constructor.
RoslynAnalysisRunner will not be running.
RoslynAnalysisRunner has terminated.
Mono: successfully reloaded assembly
- Completed reload, in  1.093 seconds
Platform modules already initialized, skipping
========================================================================
Worker process is ready to serve import requests
Shader 'Universal Render Pipeline/Particles/Lit': fallback shader 'Universal Render Pipeline/Particles/SimpleLit' not found
Shader 'Universal Render Pipeline/Particles/Lit': fallback shader 'Universal Render Pipeline/Particles/SimpleLit' not found
Launched and connected shader compiler UnityShaderCompiler.exe after 0.10 seconds
Refreshing native plugins compatible for Editor in 0.58 ms, found 0 plugins.
Preloading 0 native plugins for Editor in 0.00 ms.
Unloading 2393 Unused Serialized files (Serialized files now loaded: 0)
System memory in use before: 112.5 MB.
System memory in use after: 110.8 MB.

Unloading 39 unused Assets to reduce memory usage. Loaded Objects now: 2807.
Total: 3.587800 ms (FindLiveObjects: 0.225900 ms CreateObjectMapping: 0.139000 ms MarkObjects: 2.019300 ms  DeleteObjects: 1.202200 ms)

========================================================================
Received Import Request.
  path: Assets/WaterShader.shadergraph
  artifactKey: Guid(363127b943b2af74fae2dc474f4d9966) Importer(815301076,1909f56bfc062723c751e8b465ee728b)
Start importing Assets/WaterShader.shadergraph using Guid(363127b943b2af74fae2dc474f4d9966) Importer(815301076,1909f56bfc062723c751e8b465ee728b)  -> (artifact id: '339fab7fcc29388a1ec86758baba8c5c') in 0.052572 seconds
  Import took 0.065473 seconds .

========================================================================
Received Import Request.
  Time since last request: 275.511780 seconds.
  path: Assets/WaterShader.shadergraph
  artifactKey: Guid(363127b943b2af74fae2dc474f4d9966) Importer(815301076,1909f56bfc062723c751e8b465ee728b)
Start importing Assets/WaterShader.shadergraph using Guid(363127b943b2af74fae2dc474f4d9966) Importer(815301076,1909f56bfc062723c751e8b465ee728b)  -> (artifact id: '5ef0bb032d32f321b6a2c7bdcc70d75b') in 0.004545 seconds
  Import took 0.010144 seconds .

========================================================================
Received Import Request.
  Time since last request: 0.015018 seconds.
  path: Assets/WaterShader.shadergraph
  artifactKey: Guid(363127b943b2af74fae2dc474f4d9966) Importer(815301076,1909f56bfc062723c751e8b465ee728b)
Start importing Assets/WaterShader.shadergraph using Guid(363127b943b2af74fae2dc474f4d9966) Importer(815301076,1909f56bfc062723c751e8b465ee728b)  -> (artifact id: '5ef0bb032d32f321b6a2c7bdcc70d75b') in 0.002101 seconds
  Import took 0.007489 seconds .

========================================================================
Received Import Request.
  Time since last request: 409.129746 seconds.
  path: Assets/WaterMaterial.mat
  artifactKey: Guid(b85565d3bfef7ec469cb78c3cf74d58b) Importer(815301076,1909f56bfc062723c751e8b465ee728b)
Start importing Assets/WaterMaterial.mat using Guid(b85565d3bfef7ec469cb78c3cf74d58b) Importer(815301076,1909f56bfc062723c751e8b465ee728b)  -> (artifact id: '709da4d3208799e49f23ac15c97cdf31') in 0.383377 seconds
  Import took 0.390631 seconds .

========================================================================
Received Import Request.
  Time since last request: 28.611811 seconds.
  path: Assets/WaterShader.shadergraph
  artifactKey: Guid(363127b943b2af74fae2dc474f4d9966) Importer(815301076,1909f56bfc062723c751e8b465ee728b)
Start importing Assets/WaterShader.shadergraph using Guid(363127b943b2af74fae2dc474f4d9966) Importer(815301076,1909f56bfc062723c751e8b465ee728b)  -> (artifact id: '3fd5b87dd2cf25e39ce27817ac9489b0') in 0.002764 seconds
  Import took 0.014554 seconds .

AssetImportWorkerClient::OnTransportError - code=2 error=End of file
