Using pre-set license
Built from '2020.2/release' branch; Version is '2020.2.1f1 (270dd8c3da1c) revision 2559448'; Using compiler version '192528614'; Build Type 'Release'
OS: 'Windows 10  (10.0.0) 64bit' Language: 'fr' Physical Memory: 8057 MB
BatchMode: 1, IsHumanControllingUs: 0, StartBugReporterOnCrash: 0, Is64bit: 1, IsPro: 0

 COMMAND LINE ARGUMENTS:
C:\Program Files\2020.2.1f1\Editor\Unity.exe
-adb2
-batchMode
-noUpm
-name
AssetImportWorker0
-projectPath
C:/Users/JIMMY/Projet_Unity/Projet_3D
-logFile
Logs/AssetImportWorker0.log
-srvPort
51279
Successfully changed project path to: C:/Users/JIMMY/Projet_Unity/Projet_3D
C:/Users/JIMMY/Projet_Unity/Projet_3D
Using Asset Import Pipeline V2.
Refreshing native plugins compatible for Editor in 39.70 ms, found 0 plugins.
Preloading 0 native plugins for Editor in 0.00 ms.
Initialize engine version: 2020.2.1f1 (270dd8c3da1c)
[Subsystems] Discovering subsystems at path C:/Program Files/2020.2.1f1/Editor/Data/Resources/UnitySubsystems
[Subsystems] Discovering subsystems at path C:/Users/JIMMY/Projet_Unity/Projet_3D/Assets
GfxDevice: creating device client; threaded=0
Direct3D:
    Version:  Direct3D 11.0 [level 11.1]
    Renderer: NVIDIA GeForce GTX 1060 3GB (ID=0x1c02)
    Vendor:   
    VRAM:     2988 MB
    Driver:   27.21.14.6140
Initialize mono
Mono path[0] = 'C:/Program Files/2020.2.1f1/Editor/Data/Managed'
Mono path[1] = 'C:/Program Files/2020.2.1f1/Editor/Data/MonoBleedingEdge/lib/mono/unityjit'
Mono config path = 'C:/Program Files/2020.2.1f1/Editor/Data/MonoBleedingEdge/etc'
Using monoOptions --debugger-agent=transport=dt_socket,embedding=1,server=y,suspend=n,address=127.0.0.1:56512
Begin MonoManager ReloadAssembly
Registering precompiled unity dll's ...
Register platform support module: C:/Program Files/2020.2.1f1/Editor/Data/PlaybackEngines/WebGLSupport/UnityEditor.WebGL.Extensions.dll
Register platform support module: C:/Program Files/2020.2.1f1/Editor/Data/PlaybackEngines/MacStandaloneSupport/UnityEditor.OSXStandalone.Extensions.dll
Register platform support module: C:/Program Files/2020.2.1f1/Editor/Data/PlaybackEngines/WindowsStandaloneSupport/UnityEditor.WindowsStandalone.Extensions.dll
Register platform support module: C:/Program Files/2020.2.1f1/Editor/Data/PlaybackEngines/LinuxStandaloneSupport/UnityEditor.LinuxStandalone.Extensions.dll
Register platform support module: C:/Program Files/2020.2.1f1/Editor/Data/PlaybackEngines/LuminSupport/UnityEditor.Lumin.Extensions.dll
Registered in 0.003331 seconds.
Native extension for Lumin target not found
Native extension for LinuxStandalone target not found
Native extension for WindowsStandalone target not found
Native extension for OSXStandalone target not found
Native extension for WebGL target not found
Refreshing native plugins compatible for Editor in 37.57 ms, found 0 plugins.
Preloading 0 native plugins for Editor in 0.00 ms.
Invoked RoslynAnalysisRunner static constructor.
RoslynAnalysisRunner will not be running.
RoslynAnalysisRunner has terminated.
Mono: successfully reloaded assembly
- Completed reload, in  2.897 seconds
Platform modules already initialized, skipping
Registering precompiled user dll's ...
Registered in 0.000809 seconds.
Begin MonoManager ReloadAssembly
Native extension for Lumin target not found
Native extension for LinuxStandalone target not found
Native extension for WindowsStandalone target not found
Native extension for OSXStandalone target not found
Native extension for WebGL target not found
Refreshing native plugins compatible for Editor in 0.49 ms, found 0 plugins.
Preloading 0 native plugins for Editor in 0.00 ms.
Invoked RoslynAnalysisRunner static constructor.
RoslynAnalysisRunner will not be running.
RoslynAnalysisRunner has terminated.
Mono: successfully reloaded assembly
- Completed reload, in  1.030 seconds
Platform modules already initialized, skipping
========================================================================
Worker process is ready to serve import requests
Launched and connected shader compiler UnityShaderCompiler.exe after 0.08 seconds
Refreshing native plugins compatible for Editor in 0.50 ms, found 0 plugins.
Preloading 0 native plugins for Editor in 0.00 ms.
Unloading 1192 Unused Serialized files (Serialized files now loaded: 0)
System memory in use before: 70.5 MB.
System memory in use after: 70.2 MB.

Unloading 12 unused Assets to reduce memory usage. Loaded Objects now: 1638.
Total: 3.027600 ms (FindLiveObjects: 0.179900 ms CreateObjectMapping: 0.174000 ms MarkObjects: 2.325500 ms  DeleteObjects: 0.347200 ms)

========================================================================
Received Import Request.
  path: Assets/checkpoint.prefab
  artifactKey: Guid(e266b3e09de380e4e9a80e179e0e187d) Importer(815301076,1909f56bfc062723c751e8b465ee728b)
Start importing Assets/checkpoint.prefab using Guid(e266b3e09de380e4e9a80e179e0e187d) Importer(815301076,1909f56bfc062723c751e8b465ee728b)  -> (artifact id: '9ffb2bfabd9546c675d5c8211c8762f0') in 0.060273 seconds
  Import took 0.063066 seconds .

========================================================================
Received Import Request.
  Time since last request: 832.002967 seconds.
  path: Assets/Shaders
  artifactKey: Guid(bf353a98fa4c06445ad369c8245e8555) Importer(815301076,1909f56bfc062723c751e8b465ee728b)
Start importing Assets/Shaders using Guid(bf353a98fa4c06445ad369c8245e8555) Importer(815301076,1909f56bfc062723c751e8b465ee728b)  -> (artifact id: '463a23ca482b2f7a0067beb8d45686a3') in 0.006381 seconds
  Import took 0.009461 seconds .

========================================================================
Received Import Request.
  Time since last request: 0.008884 seconds.
  path: Assets/Shaders
  artifactKey: Guid(bf353a98fa4c06445ad369c8245e8555) Importer(815301076,1909f56bfc062723c751e8b465ee728b)
Start importing Assets/Shaders using Guid(bf353a98fa4c06445ad369c8245e8555) Importer(815301076,1909f56bfc062723c751e8b465ee728b)  -> (artifact id: '463a23ca482b2f7a0067beb8d45686a3') in 0.001850 seconds
  Import took 0.005240 seconds .

========================================================================
Received Import Request.
  Time since last request: 1.930208 seconds.
  path: Assets/Shaders/CheckpointShader.shadergraph
  artifactKey: Guid(37271b41bf130144483ac507b8142508) Importer(815301076,1909f56bfc062723c751e8b465ee728b)
Start importing Assets/Shaders/CheckpointShader.shadergraph using Guid(37271b41bf130144483ac507b8142508) Importer(815301076,1909f56bfc062723c751e8b465ee728b)  -> (artifact id: '9f07b46421444afaafca36192b9588a8') in 0.010379 seconds
  Import took 0.012637 seconds .

