Using pre-set license
Built from '2020.2/release' branch; Version is '2020.2.1f1 (270dd8c3da1c) revision 2559448'; Using compiler version '192528614'; Build Type 'Release'
OS: 'Windows 10  (10.0.0) 64bit' Language: 'fr' Physical Memory: 8040 MB
BatchMode: 1, IsHumanControllingUs: 0, StartBugReporterOnCrash: 0, Is64bit: 1, IsPro: 0

 COMMAND LINE ARGUMENTS:
C:\Program Files\2020.2.1f1\Editor\Unity.exe
-adb2
-batchMode
-noUpm
-name
AssetImportWorker1
-projectPath
C:/Users/husso/Downloads/Cours/4eme annee/Module/Semestre 2/Programmation 3D/TP/Programmation_3D/Projet_3D
-logFile
Logs/AssetImportWorker1.log
-srvPort
55117
Successfully changed project path to: C:/Users/husso/Downloads/Cours/4eme annee/Module/Semestre 2/Programmation 3D/TP/Programmation_3D/Projet_3D
C:/Users/husso/Downloads/Cours/4eme annee/Module/Semestre 2/Programmation 3D/TP/Programmation_3D/Projet_3D
Using Asset Import Pipeline V2.
Refreshing native plugins compatible for Editor in 125.02 ms, found 0 plugins.
Preloading 0 native plugins for Editor in 0.00 ms.
Initialize engine version: 2020.2.1f1 (270dd8c3da1c)
[Subsystems] Discovering subsystems at path C:/Program Files/2020.2.1f1/Editor/Data/Resources/UnitySubsystems
[Subsystems] Discovering subsystems at path C:/Users/husso/Downloads/Cours/4eme annee/Module/Semestre 2/Programmation 3D/TP/Programmation_3D/Projet_3D/Assets
GfxDevice: creating device client; threaded=0
Direct3D:
    Version:  Direct3D 11.0 [level 11.1]
    Renderer: Intel(R) UHD Graphics 620 (ID=0x3ea0)
    Vendor:   
    VRAM:     4020 MB
    Driver:   27.20.100.8280
Initialize mono
Mono path[0] = 'C:/Program Files/2020.2.1f1/Editor/Data/Managed'
Mono path[1] = 'C:/Program Files/2020.2.1f1/Editor/Data/MonoBleedingEdge/lib/mono/unityjit'
Mono config path = 'C:/Program Files/2020.2.1f1/Editor/Data/MonoBleedingEdge/etc'
Using monoOptions --debugger-agent=transport=dt_socket,embedding=1,server=y,suspend=n,address=127.0.0.1:56704
Begin MonoManager ReloadAssembly
Registering precompiled unity dll's ...
Register platform support module: C:/Program Files/2020.2.1f1/Editor/Data/PlaybackEngines/WebGLSupport/UnityEditor.WebGL.Extensions.dll
Register platform support module: C:/Program Files/2020.2.1f1/Editor/Data/PlaybackEngines/WindowsStandaloneSupport/UnityEditor.WindowsStandalone.Extensions.dll
Registered in 0.007338 seconds.
Native extension for WindowsStandalone target not found
Native extension for WebGL target not found
Refreshing native plugins compatible for Editor in 112.88 ms, found 0 plugins.
Preloading 0 native plugins for Editor in 0.00 ms.
Invoked RoslynAnalysisRunner static constructor.
RoslynAnalysisRunner will not be running.
RoslynAnalysisRunner has terminated.
Mono: successfully reloaded assembly
- Completed reload, in  4.029 seconds
Platform modules already initialized, skipping
Registering precompiled user dll's ...
Registered in 0.002599 seconds.
Begin MonoManager ReloadAssembly
Native extension for WindowsStandalone target not found
Native extension for WebGL target not found
Refreshing native plugins compatible for Editor in 0.84 ms, found 0 plugins.
Preloading 0 native plugins for Editor in 0.00 ms.
Invoked RoslynAnalysisRunner static constructor.
RoslynAnalysisRunner will not be running.
RoslynAnalysisRunner has terminated.
Mono: successfully reloaded assembly
- Completed reload, in  3.036 seconds
Platform modules already initialized, skipping
========================================================================
Worker process is ready to serve import requests
Launched and connected shader compiler UnityShaderCompiler.exe after 0.07 seconds
Refreshing native plugins compatible for Editor in 1.13 ms, found 0 plugins.
Preloading 0 native plugins for Editor in 0.00 ms.
Unloading 1205 Unused Serialized files (Serialized files now loaded: 0)
System memory in use before: 142.3 MB.
System memory in use after: 142.0 MB.

Unloading 12 unused Assets to reduce memory usage. Loaded Objects now: 1654.
Total: 9.221000 ms (FindLiveObjects: 0.564900 ms CreateObjectMapping: 0.244000 ms MarkObjects: 6.575700 ms  DeleteObjects: 1.831500 ms)

========================================================================
Received Import Request.
  path: Assets/MenuPrincipalPackage/image/bateau.jpg
  artifactKey: Guid(9232601a6eb2bfa47933f783cf091ad6) Importer(815301076,1909f56bfc062723c751e8b465ee728b)
Start importing Assets/MenuPrincipalPackage/image/bateau.jpg using Guid(9232601a6eb2bfa47933f783cf091ad6) Importer(815301076,1909f56bfc062723c751e8b465ee728b)  -> (artifact id: '041dbd809c644f1579814a6ea52f23e7') in 0.355282 seconds
  Import took 0.362654 seconds .

========================================================================
Received Import Request.
  Time since last request: 0.000500 seconds.
  path: Assets/MenuPrincipalPackage/image/image croix.png
  artifactKey: Guid(6234f36c3a246bb43afd8953f1684489) Importer(815301076,1909f56bfc062723c751e8b465ee728b)
Start importing Assets/MenuPrincipalPackage/image/image croix.png using Guid(6234f36c3a246bb43afd8953f1684489) Importer(815301076,1909f56bfc062723c751e8b465ee728b)  -> (artifact id: 'fea8803c3e5dd0eb217b545b15341b97') in 0.044148 seconds
  Import took 0.048412 seconds .

========================================================================
Received Import Request.
  Time since last request: 0.000476 seconds.
  path: Assets/MenuPrincipalPackage/image/bateau.jpg
  artifactKey: Guid(9232601a6eb2bfa47933f783cf091ad6) Importer(815301076,1909f56bfc062723c751e8b465ee728b)
Start importing Assets/MenuPrincipalPackage/image/bateau.jpg using Guid(9232601a6eb2bfa47933f783cf091ad6) Importer(815301076,1909f56bfc062723c751e8b465ee728b)  -> (artifact id: '041dbd809c644f1579814a6ea52f23e7') in 0.018409 seconds
  Import took 0.022563 seconds .

========================================================================
Received Prepare
Registering precompiled user dll's ...
Registered in 0.002278 seconds.
Begin MonoManager ReloadAssembly
Native extension for WindowsStandalone target not found
Native extension for WebGL target not found
Refreshing native plugins compatible for Editor in 0.63 ms, found 0 plugins.
Preloading 0 native plugins for Editor in 0.00 ms.
Invoked RoslynAnalysisRunner static constructor.
RoslynAnalysisRunner will not be running.
RoslynAnalysisRunner has terminated.
Mono: successfully reloaded assembly
- Completed reload, in  2.008 seconds
Platform modules already initialized, skipping
Refreshing native plugins compatible for Editor in 0.89 ms, found 0 plugins.
Preloading 0 native plugins for Editor in 0.00 ms.
Unloading 1172 Unused Serialized files (Serialized files now loaded: 0)
System memory in use before: 144.1 MB.
System memory in use after: 143.8 MB.

Unloading 7 unused Assets to reduce memory usage. Loaded Objects now: 1664.
Total: 3.212500 ms (FindLiveObjects: 0.213200 ms CreateObjectMapping: 0.062300 ms MarkObjects: 2.356200 ms  DeleteObjects: 0.579500 ms)

========================================================================
Received Prepare
Registering precompiled user dll's ...
Registered in 0.002085 seconds.
Begin MonoManager ReloadAssembly
Native extension for WindowsStandalone target not found
Native extension for WebGL target not found
Refreshing native plugins compatible for Editor in 0.59 ms, found 0 plugins.
Preloading 0 native plugins for Editor in 0.00 ms.
Invoked RoslynAnalysisRunner static constructor.
RoslynAnalysisRunner will not be running.
RoslynAnalysisRunner has terminated.
Mono: successfully reloaded assembly
- Completed reload, in  1.987 seconds
Platform modules already initialized, skipping
Refreshing native plugins compatible for Editor in 0.49 ms, found 0 plugins.
Preloading 0 native plugins for Editor in 0.00 ms.
Unloading 1172 Unused Serialized files (Serialized files now loaded: 0)
System memory in use before: 144.1 MB.
System memory in use after: 143.8 MB.

Unloading 7 unused Assets to reduce memory usage. Loaded Objects now: 1666.
Total: 4.785500 ms (FindLiveObjects: 0.331300 ms CreateObjectMapping: 0.107200 ms MarkObjects: 3.787400 ms  DeleteObjects: 0.557300 ms)

========================================================================
Received Prepare
Registering precompiled user dll's ...
Registered in 0.002570 seconds.
Begin MonoManager ReloadAssembly
Native extension for WindowsStandalone target not found
Native extension for WebGL target not found
Refreshing native plugins compatible for Editor in 0.61 ms, found 0 plugins.
Preloading 0 native plugins for Editor in 0.00 ms.
Invoked RoslynAnalysisRunner static constructor.
RoslynAnalysisRunner will not be running.
RoslynAnalysisRunner has terminated.
Mono: successfully reloaded assembly
- Completed reload, in  2.003 seconds
Platform modules already initialized, skipping
Refreshing native plugins compatible for Editor in 0.53 ms, found 0 plugins.
Preloading 0 native plugins for Editor in 0.00 ms.
Unloading 1172 Unused Serialized files (Serialized files now loaded: 0)
System memory in use before: 144.1 MB.
System memory in use after: 143.8 MB.

Unloading 7 unused Assets to reduce memory usage. Loaded Objects now: 1668.
Total: 4.153500 ms (FindLiveObjects: 0.370800 ms CreateObjectMapping: 0.140100 ms MarkObjects: 2.890600 ms  DeleteObjects: 0.748900 ms)

========================================================================
Received Prepare
Registering precompiled user dll's ...
Registered in 0.002414 seconds.
Begin MonoManager ReloadAssembly
Native extension for WindowsStandalone target not found
Native extension for WebGL target not found
Refreshing native plugins compatible for Editor in 0.59 ms, found 0 plugins.
Preloading 0 native plugins for Editor in 0.00 ms.
Invoked RoslynAnalysisRunner static constructor.
RoslynAnalysisRunner will not be running.
RoslynAnalysisRunner has terminated.
Mono: successfully reloaded assembly
- Completed reload, in  2.042 seconds
Platform modules already initialized, skipping
Refreshing native plugins compatible for Editor in 0.71 ms, found 0 plugins.
Preloading 0 native plugins for Editor in 0.00 ms.
Unloading 1172 Unused Serialized files (Serialized files now loaded: 0)
System memory in use before: 144.1 MB.
System memory in use after: 143.8 MB.

Unloading 7 unused Assets to reduce memory usage. Loaded Objects now: 1670.
Total: 4.614900 ms (FindLiveObjects: 0.357600 ms CreateObjectMapping: 0.113600 ms MarkObjects: 3.587400 ms  DeleteObjects: 0.554100 ms)

========================================================================
Received Import Request.
  Time since last request: 3701.578456 seconds.
  path: Assets/MenuPrincipalPackage/image
  artifactKey: Guid(48534b546ef3f1946a9ccd5d8f4ef910) Importer(815301076,1909f56bfc062723c751e8b465ee728b)
Start importing Assets/MenuPrincipalPackage/image using Guid(48534b546ef3f1946a9ccd5d8f4ef910) Importer(815301076,1909f56bfc062723c751e8b465ee728b)  -> (artifact id: 'aca78d7ebe1ddca24ef79c40bedff649') in 0.012630 seconds
  Import took 0.059586 seconds .

========================================================================
Received Import Request.
  Time since last request: 6.440606 seconds.
  path: Assets/MenuPrincipalPackage/image/exit.png
  artifactKey: Guid(2c85154be5d22ef4dbe48793a2a54b2c) Importer(815301076,1909f56bfc062723c751e8b465ee728b)
Start importing Assets/MenuPrincipalPackage/image/exit.png using Guid(2c85154be5d22ef4dbe48793a2a54b2c) Importer(815301076,1909f56bfc062723c751e8b465ee728b)  -> (artifact id: '74af678d10863d645400dd95517439e6') in 0.209234 seconds
  Import took 0.228410 seconds .

========================================================================
Received Import Request.
  Time since last request: 0.020206 seconds.
  path: Assets/MenuPrincipalPackage/image/exit.png
  artifactKey: Guid(2c85154be5d22ef4dbe48793a2a54b2c) Importer(815301076,1909f56bfc062723c751e8b465ee728b)
Start importing Assets/MenuPrincipalPackage/image/exit.png using Guid(2c85154be5d22ef4dbe48793a2a54b2c) Importer(815301076,1909f56bfc062723c751e8b465ee728b)  -> (artifact id: '74af678d10863d645400dd95517439e6') in 0.016956 seconds
  Import took 0.022436 seconds .

========================================================================
Received Import Request.
  Time since last request: 12.989340 seconds.
  path: Assets/MenuPrincipalPackage/image/exit.png
  artifactKey: Guid(2c85154be5d22ef4dbe48793a2a54b2c) Importer(815301076,1909f56bfc062723c751e8b465ee728b)
Start importing Assets/MenuPrincipalPackage/image/exit.png using Guid(2c85154be5d22ef4dbe48793a2a54b2c) Importer(815301076,1909f56bfc062723c751e8b465ee728b)  -> (artifact id: '4f545ac38185d01761ea3c2fac350d32') in 0.132420 seconds
  Import took 0.141375 seconds .

========================================================================
Received Import Request.
  Time since last request: 0.018578 seconds.
  path: Assets/MenuPrincipalPackage/image/exit.png
  artifactKey: Guid(2c85154be5d22ef4dbe48793a2a54b2c) Importer(815301076,1909f56bfc062723c751e8b465ee728b)
Start importing Assets/MenuPrincipalPackage/image/exit.png using Guid(2c85154be5d22ef4dbe48793a2a54b2c) Importer(815301076,1909f56bfc062723c751e8b465ee728b)  -> (artifact id: '4f545ac38185d01761ea3c2fac350d32') in 0.045511 seconds
  Import took 0.054756 seconds .

========================================================================
Received Import Request.
  Time since last request: 483.361165 seconds.
  path: Assets/MenuPrincipalPackage/image/parchemin.png
  artifactKey: Guid(96875f16eef62a940be9ceb015774f4b) Importer(815301076,1909f56bfc062723c751e8b465ee728b)
Start importing Assets/MenuPrincipalPackage/image/parchemin.png using Guid(96875f16eef62a940be9ceb015774f4b) Importer(815301076,1909f56bfc062723c751e8b465ee728b)  -> (artifact id: 'c090bbfb45f1f30c2fad37cdbf114857') in 0.020913 seconds
  Import took 0.062918 seconds .

========================================================================
Received Import Request.
  Time since last request: 8.738535 seconds.
  path: Assets/MenuPrincipalPackage/image/parchemin.png
  artifactKey: Guid(96875f16eef62a940be9ceb015774f4b) Importer(815301076,1909f56bfc062723c751e8b465ee728b)
Start importing Assets/MenuPrincipalPackage/image/parchemin.png using Guid(96875f16eef62a940be9ceb015774f4b) Importer(815301076,1909f56bfc062723c751e8b465ee728b)  -> (artifact id: '47465cf7aaaaca9151509ee27bfec064') in 0.045020 seconds
  Import took 0.069801 seconds .

========================================================================
Received Import Request.
  Time since last request: 5.114349 seconds.
  path: Assets/MenuPrincipalPackage/image/engrenage.png
  artifactKey: Guid(b2b22f8398a28ea4e849a946c15b6def) Importer(815301076,1909f56bfc062723c751e8b465ee728b)
Start importing Assets/MenuPrincipalPackage/image/engrenage.png using Guid(b2b22f8398a28ea4e849a946c15b6def) Importer(815301076,1909f56bfc062723c751e8b465ee728b)  -> (artifact id: '69e30c012de768a3dc8d103b99929181') in 0.038674 seconds
  Import took 0.057546 seconds .

========================================================================
Received Import Request.
  Time since last request: 0.034155 seconds.
  path: Assets/MenuPrincipalPackage/image/engrenage.png
  artifactKey: Guid(b2b22f8398a28ea4e849a946c15b6def) Importer(815301076,1909f56bfc062723c751e8b465ee728b)
Start importing Assets/MenuPrincipalPackage/image/engrenage.png using Guid(b2b22f8398a28ea4e849a946c15b6def) Importer(815301076,1909f56bfc062723c751e8b465ee728b)  -> (artifact id: '69e30c012de768a3dc8d103b99929181') in 0.024791 seconds
  Import took 0.032466 seconds .

========================================================================
Received Import Request.
  Time since last request: 4.975711 seconds.
  path: Assets/MenuPrincipalPackage/image/engrenage.png
  artifactKey: Guid(b2b22f8398a28ea4e849a946c15b6def) Importer(815301076,1909f56bfc062723c751e8b465ee728b)
Start importing Assets/MenuPrincipalPackage/image/engrenage.png using Guid(b2b22f8398a28ea4e849a946c15b6def) Importer(815301076,1909f56bfc062723c751e8b465ee728b)  -> (artifact id: '027f9af16f4adbaedf82ed2ae6267592') in 0.059958 seconds
  Import took 0.068137 seconds .

========================================================================
Received Import Request.
  Time since last request: 6.550534 seconds.
  path: Assets/MenuPrincipalPackage/image/play.jpg
  artifactKey: Guid(d93c268c9ab3f7e44b8ab176fbcd850b) Importer(815301076,1909f56bfc062723c751e8b465ee728b)
Start importing Assets/MenuPrincipalPackage/image/play.jpg using Guid(d93c268c9ab3f7e44b8ab176fbcd850b) Importer(815301076,1909f56bfc062723c751e8b465ee728b)  -> (artifact id: '42e1391d9033bd787fae5dda81d69f28') in 0.017543 seconds
  Import took 0.021835 seconds .

========================================================================
Received Import Request.
  Time since last request: 0.020219 seconds.
  path: Assets/MenuPrincipalPackage/image/play.jpg
  artifactKey: Guid(d93c268c9ab3f7e44b8ab176fbcd850b) Importer(815301076,1909f56bfc062723c751e8b465ee728b)
Start importing Assets/MenuPrincipalPackage/image/play.jpg using Guid(d93c268c9ab3f7e44b8ab176fbcd850b) Importer(815301076,1909f56bfc062723c751e8b465ee728b)  -> (artifact id: '42e1391d9033bd787fae5dda81d69f28') in 0.015676 seconds
  Import took 0.020572 seconds .

========================================================================
Received Import Request.
  Time since last request: 5.377735 seconds.
  path: Assets/MenuPrincipalPackage/image/play.jpg
  artifactKey: Guid(d93c268c9ab3f7e44b8ab176fbcd850b) Importer(815301076,1909f56bfc062723c751e8b465ee728b)
Start importing Assets/MenuPrincipalPackage/image/play.jpg using Guid(d93c268c9ab3f7e44b8ab176fbcd850b) Importer(815301076,1909f56bfc062723c751e8b465ee728b)  -> (artifact id: 'dc7bb343680bd8dd61ac9ffdc7389253') in 0.037753 seconds
  Import took 0.216045 seconds .

========================================================================
Received Import Request.
  Time since last request: 27.168306 seconds.
  path: Assets/ImportedPackages/Brackeys/2D Mega Pack/Platforms/Platform_Wood_Wide.png
  artifactKey: Guid(93aacd30e6870dc45a5dcafc2d1b3414) Importer(815301076,1909f56bfc062723c751e8b465ee728b)
Start importing Assets/ImportedPackages/Brackeys/2D Mega Pack/Platforms/Platform_Wood_Wide.png using Guid(93aacd30e6870dc45a5dcafc2d1b3414) Importer(815301076,1909f56bfc062723c751e8b465ee728b)  -> (artifact id: '9989caba7ff846ae9eaac0bcdffa033a') in 0.058747 seconds
  Import took 0.063679 seconds .

========================================================================
Received Import Request.
  Time since last request: 0.000562 seconds.
  path: Assets/ImportedPackages/Brackeys/2D Mega Pack/Characters/PongPlayer.png
  artifactKey: Guid(3f5d8b39358f65040ade5d7096bc8085) Importer(815301076,1909f56bfc062723c751e8b465ee728b)
Start importing Assets/ImportedPackages/Brackeys/2D Mega Pack/Characters/PongPlayer.png using Guid(3f5d8b39358f65040ade5d7096bc8085) Importer(815301076,1909f56bfc062723c751e8b465ee728b)  -> (artifact id: '0a6eb1c0847ab2e02cec703e91ba1572') in 0.089736 seconds
  Import took 0.111146 seconds .

========================================================================
Received Import Request.
  Time since last request: 0.001184 seconds.
  path: Assets/ImportedPackages/Brackeys/2D Mega Pack/Food & Plants/Crops/Potatoes_Done.png
  artifactKey: Guid(3d9791791d28a9745b616ce8d8113662) Importer(815301076,1909f56bfc062723c751e8b465ee728b)
Start importing Assets/ImportedPackages/Brackeys/2D Mega Pack/Food & Plants/Crops/Potatoes_Done.png using Guid(3d9791791d28a9745b616ce8d8113662) Importer(815301076,1909f56bfc062723c751e8b465ee728b)  -> (artifact id: '144479158b51dadaed07deddd295d95f') in 0.072803 seconds
  Import took 0.104956 seconds .

========================================================================
Received Import Request.
  Time since last request: 0.001229 seconds.
  path: Assets/ImportedPackages/Brackeys/2D Mega Pack/Food & Plants/Crops/Potatoes_Seed.png
  artifactKey: Guid(a402c3ecefb2ea44abb2dc8fef3e46d2) Importer(815301076,1909f56bfc062723c751e8b465ee728b)
Start importing Assets/ImportedPackages/Brackeys/2D Mega Pack/Food & Plants/Crops/Potatoes_Seed.png using Guid(a402c3ecefb2ea44abb2dc8fef3e46d2) Importer(815301076,1909f56bfc062723c751e8b465ee728b)  -> (artifact id: 'b3d355ee3dff6c015f7d409e9a613942') in 0.086542 seconds
  Import took 0.130076 seconds .

========================================================================
Received Import Request.
  Time since last request: 0.001132 seconds.
  path: Assets/ImportedPackages/Brackeys/2D Mega Pack/Food & Plants/Crops/Potatoes_Dead.png
  artifactKey: Guid(a8343aa03d794694799a54194fab3f04) Importer(815301076,1909f56bfc062723c751e8b465ee728b)
Start importing Assets/ImportedPackages/Brackeys/2D Mega Pack/Food & Plants/Crops/Potatoes_Dead.png using Guid(a8343aa03d794694799a54194fab3f04) Importer(815301076,1909f56bfc062723c751e8b465ee728b)  -> (artifact id: '9e25a302e1316a92a325b70d35fa18f1') in 0.067679 seconds
  Import took 0.092709 seconds .

========================================================================
Received Import Request.
  Time since last request: 0.001034 seconds.
  path: Assets/ImportedPackages/Brackeys/2D Mega Pack/-- Example Photos --/Pong Example.png
  artifactKey: Guid(8de1383f09bd7e447bfaaa8c2e6c0219) Importer(815301076,1909f56bfc062723c751e8b465ee728b)
Start importing Assets/ImportedPackages/Brackeys/2D Mega Pack/-- Example Photos --/Pong Example.png using Guid(8de1383f09bd7e447bfaaa8c2e6c0219) Importer(815301076,1909f56bfc062723c751e8b465ee728b)  -> (artifact id: '0b1a941dad3a949d552072eff59519c4') in 0.277168 seconds
  Import took 0.285728 seconds .

========================================================================
Received Import Request.
  Time since last request: 0.000831 seconds.
  path: Assets/ImportedPackages/Brackeys/2D Mega Pack/Weapons & Tools/Plow.png
  artifactKey: Guid(72786b43084161c4c81e83eef0990e1a) Importer(815301076,1909f56bfc062723c751e8b465ee728b)
Start importing Assets/ImportedPackages/Brackeys/2D Mega Pack/Weapons & Tools/Plow.png using Guid(72786b43084161c4c81e83eef0990e1a) Importer(815301076,1909f56bfc062723c751e8b465ee728b)  -> (artifact id: 'd339b1c3ccc25b8e412029a3526d8e5c') in 0.093737 seconds
  Import took 0.100922 seconds .

========================================================================
Received Import Request.
  Time since last request: 0.407144 seconds.
  path: Assets/ImportedPackages/Brackeys/2D Mega Pack/Platforms/Platform_Vertical_Wood_Small.png
  artifactKey: Guid(8fa71125fb47e764db3eaad0cd306d09) Importer(815301076,1909f56bfc062723c751e8b465ee728b)
Start importing Assets/ImportedPackages/Brackeys/2D Mega Pack/Platforms/Platform_Vertical_Wood_Small.png using Guid(8fa71125fb47e764db3eaad0cd306d09) Importer(815301076,1909f56bfc062723c751e8b465ee728b)  -> (artifact id: '0b6d08a7f6054f3011ba4336be63dd06') in 0.068892 seconds
  Import took 0.077118 seconds .

========================================================================
Received Import Request.
  Time since last request: 0.001030 seconds.
  path: Assets/ImportedPackages/Brackeys/2D Mega Pack/Platforms/Platform_Wood.png
  artifactKey: Guid(6a9b202e9a1f2064b8ddb485c19be1fd) Importer(815301076,1909f56bfc062723c751e8b465ee728b)
Start importing Assets/ImportedPackages/Brackeys/2D Mega Pack/Platforms/Platform_Wood.png using Guid(6a9b202e9a1f2064b8ddb485c19be1fd) Importer(815301076,1909f56bfc062723c751e8b465ee728b)  -> (artifact id: '387175189f07c70a47a79db96c5f48a6') in 0.097826 seconds
  Import took 0.105397 seconds .

========================================================================
Received Import Request.
  Time since last request: 0.097038 seconds.
  path: Assets/ImportedPackages/Brackeys/2D Mega Pack/Platforms/Platform_Vertical_Uncolored.png
  artifactKey: Guid(0ddf619ff096ada469471c932a6d03d2) Importer(815301076,1909f56bfc062723c751e8b465ee728b)
Start importing Assets/ImportedPackages/Brackeys/2D Mega Pack/Platforms/Platform_Vertical_Uncolored.png using Guid(0ddf619ff096ada469471c932a6d03d2) Importer(815301076,1909f56bfc062723c751e8b465ee728b)  -> (artifact id: '9ba18f6e86a902e6b0303c357f839a22') in 0.092419 seconds
  Import took 0.099011 seconds .

========================================================================
Received Import Request.
  Time since last request: 0.000770 seconds.
  path: Assets/ImportedPackages/Brackeys/2D Mega Pack/Platforms/Platform_Vertical_Wood.png
  artifactKey: Guid(7d84c9a0ef474dc42812bf290d722f7e) Importer(815301076,1909f56bfc062723c751e8b465ee728b)
Start importing Assets/ImportedPackages/Brackeys/2D Mega Pack/Platforms/Platform_Vertical_Wood.png using Guid(7d84c9a0ef474dc42812bf290d722f7e) Importer(815301076,1909f56bfc062723c751e8b465ee728b)  -> (artifact id: '33481559d1317d17330530853e430b12') in 0.035685 seconds
  Import took 0.041276 seconds .

========================================================================
Received Import Request.
  Time since last request: 0.111230 seconds.
  path: Assets/ImportedPackages/Brackeys/2D Mega Pack/Platforms/Platform_Pink.png
  artifactKey: Guid(4bdcafa0e50338d41ae14a25a337e16d) Importer(815301076,1909f56bfc062723c751e8b465ee728b)
Start importing Assets/ImportedPackages/Brackeys/2D Mega Pack/Platforms/Platform_Pink.png using Guid(4bdcafa0e50338d41ae14a25a337e16d) Importer(815301076,1909f56bfc062723c751e8b465ee728b)  -> (artifact id: '2dad1015d0643563ff9113c133a5ef10') in 0.029923 seconds
  Import took 0.034788 seconds .

========================================================================
Received Import Request.
  Time since last request: 0.000586 seconds.
  path: Assets/ImportedPackages/Brackeys/2D Mega Pack/Platforms/Platform_Pink_Wide.png
  artifactKey: Guid(849f7ba5345b1004db608d9d554c41dd) Importer(815301076,1909f56bfc062723c751e8b465ee728b)
Start importing Assets/ImportedPackages/Brackeys/2D Mega Pack/Platforms/Platform_Pink_Wide.png using Guid(849f7ba5345b1004db608d9d554c41dd) Importer(815301076,1909f56bfc062723c751e8b465ee728b)  -> (artifact id: '9769d42cd4ecc6a7fca175d19670bc95') in 0.051979 seconds
  Import took 0.055945 seconds .

========================================================================
Received Import Request.
  Time since last request: 0.000474 seconds.
  path: Assets/ImportedPackages/Brackeys/2D Mega Pack/Platforms/Platform_Uncolored_Wide.png
  artifactKey: Guid(176fe19fdc91e7f4ba23cb37600bda75) Importer(815301076,1909f56bfc062723c751e8b465ee728b)
Start importing Assets/ImportedPackages/Brackeys/2D Mega Pack/Platforms/Platform_Uncolored_Wide.png using Guid(176fe19fdc91e7f4ba23cb37600bda75) Importer(815301076,1909f56bfc062723c751e8b465ee728b)  -> (artifact id: '92ef778e02802a9a2df9ebff38446967') in 0.035649 seconds
  Import took 0.039147 seconds .

========================================================================
Received Import Request.
  Time since last request: 0.000451 seconds.
  path: Assets/ImportedPackages/Brackeys/2D Mega Pack/Platforms/Platform_Uncolored.png
  artifactKey: Guid(d58df5b5e36ba884f9c288a3020d48af) Importer(815301076,1909f56bfc062723c751e8b465ee728b)
Start importing Assets/ImportedPackages/Brackeys/2D Mega Pack/Platforms/Platform_Uncolored.png using Guid(d58df5b5e36ba884f9c288a3020d48af) Importer(815301076,1909f56bfc062723c751e8b465ee728b)  -> (artifact id: 'f405cc310cd5a5ff3c51e8e9bda4ec07') in 0.036337 seconds
  Import took 0.039878 seconds .

========================================================================
Received Import Request.
  Time since last request: 0.000462 seconds.
  path: Assets/ImportedPackages/Brackeys/2D Mega Pack/Platforms/Platform_Vertical_Blue.png
  artifactKey: Guid(6d86e7e8a8b8f4a4ea3a10d9dee509b0) Importer(815301076,1909f56bfc062723c751e8b465ee728b)
Start importing Assets/ImportedPackages/Brackeys/2D Mega Pack/Platforms/Platform_Vertical_Blue.png using Guid(6d86e7e8a8b8f4a4ea3a10d9dee509b0) Importer(815301076,1909f56bfc062723c751e8b465ee728b)  -> (artifact id: 'ed8d5865b27b8c6e8a5406e149a89940') in 0.034055 seconds
  Import took 0.037593 seconds .

========================================================================
Received Import Request.
  Time since last request: 0.000545 seconds.
  path: Assets/ImportedPackages/Brackeys/2D Mega Pack/Platforms/Platform_Blue_Wide.png
  artifactKey: Guid(c76f47f717e792941b9c97541a3a1ff4) Importer(815301076,1909f56bfc062723c751e8b465ee728b)
Start importing Assets/ImportedPackages/Brackeys/2D Mega Pack/Platforms/Platform_Blue_Wide.png using Guid(c76f47f717e792941b9c97541a3a1ff4) Importer(815301076,1909f56bfc062723c751e8b465ee728b)  -> (artifact id: '080b1769edb960d522228994e39efa11') in 0.079191 seconds
  Import took 0.098695 seconds .

========================================================================
Received Import Request.
  Time since last request: 0.000632 seconds.
  path: Assets/ImportedPackages/Brackeys/2D Mega Pack/Platforms/Platform_Blue.png
  artifactKey: Guid(ab30a5ba8bf22d24686375e484b073e9) Importer(815301076,1909f56bfc062723c751e8b465ee728b)
Start importing Assets/ImportedPackages/Brackeys/2D Mega Pack/Platforms/Platform_Blue.png using Guid(ab30a5ba8bf22d24686375e484b073e9) Importer(815301076,1909f56bfc062723c751e8b465ee728b)  -> (artifact id: '30d4ad4432a7a9f63a995b9b8b295c62') in 0.063629 seconds
  Import took 0.068751 seconds .

========================================================================
Received Import Request.
  Time since last request: 0.000639 seconds.
  path: Assets/ImportedPackages/Brackeys/2D Mega Pack/Environment/Mountains&Platforms.png
  artifactKey: Guid(87b209f140a1f3c408061c67de42043c) Importer(815301076,1909f56bfc062723c751e8b465ee728b)
Start importing Assets/ImportedPackages/Brackeys/2D Mega Pack/Environment/Mountains&Platforms.png using Guid(87b209f140a1f3c408061c67de42043c) Importer(815301076,1909f56bfc062723c751e8b465ee728b)  -> (artifact id: 'e3e9a2ca4607098f02e10d4a02b041bc') in 0.101982 seconds
  Import took 0.106161 seconds .

========================================================================
Received Import Request.
  Time since last request: 0.000492 seconds.
  path: Assets/ImportedPackages/Brackeys/2D Mega Pack/Weapons & Tools/Pickaxe.png
  artifactKey: Guid(45cfe68fb47a8514f96477d0fb432286) Importer(815301076,1909f56bfc062723c751e8b465ee728b)
Start importing Assets/ImportedPackages/Brackeys/2D Mega Pack/Weapons & Tools/Pickaxe.png using Guid(45cfe68fb47a8514f96477d0fb432286) Importer(815301076,1909f56bfc062723c751e8b465ee728b)  -> (artifact id: 'fb119feb446b439a51ae433185d4a458') in 0.063771 seconds
  Import took 0.068031 seconds .

========================================================================
Received Import Request.
  Time since last request: 0.000485 seconds.
  path: Assets/ImportedPackages/Brackeys/2D Mega Pack/Environment/Gothic/Pentagram_Activated.png
  artifactKey: Guid(45b96aab96433304a8dd459f35996197) Importer(815301076,1909f56bfc062723c751e8b465ee728b)
Start importing Assets/ImportedPackages/Brackeys/2D Mega Pack/Environment/Gothic/Pentagram_Activated.png using Guid(45b96aab96433304a8dd459f35996197) Importer(815301076,1909f56bfc062723c751e8b465ee728b)  -> (artifact id: 'b6430efd25587c359e56048c79e4e92a') in 0.021343 seconds
  Import took 0.025399 seconds .

========================================================================
Received Import Request.
  Time since last request: 0.000495 seconds.
  path: Assets/ImportedPackages/Brackeys/2D Mega Pack/Environment/Gothic/Pentagram.png
  artifactKey: Guid(e828181400a5c9e4a8a1be3357344d23) Importer(815301076,1909f56bfc062723c751e8b465ee728b)
Start importing Assets/ImportedPackages/Brackeys/2D Mega Pack/Environment/Gothic/Pentagram.png using Guid(e828181400a5c9e4a8a1be3357344d23) Importer(815301076,1909f56bfc062723c751e8b465ee728b)  -> (artifact id: '4d6f8c2bb1f6ad6c0157e6fd216fb51d') in 0.057672 seconds
  Import took 0.062097 seconds .

========================================================================
Received Import Request.
  Time since last request: 0.000669 seconds.
  path: Assets/ImportedPackages/Brackeys/2D Mega Pack/Food & Plants/Food/Pizza_Seed.png
  artifactKey: Guid(8b7076b3e60bb074bbc624219774fbd8) Importer(815301076,1909f56bfc062723c751e8b465ee728b)
Start importing Assets/ImportedPackages/Brackeys/2D Mega Pack/Food & Plants/Food/Pizza_Seed.png using Guid(8b7076b3e60bb074bbc624219774fbd8) Importer(815301076,1909f56bfc062723c751e8b465ee728b)  -> (artifact id: '1deb9bb906415b4ddd365b0c8db474c5') in 0.054195 seconds
  Import took 0.059484 seconds .

========================================================================
Received Import Request.
  Time since last request: 0.000581 seconds.
  path: Assets/ImportedPackages/Brackeys/2D Mega Pack/Effects/PixelParticle.png
  artifactKey: Guid(20cc7aa77cf0c554eaf57b9dfce35c24) Importer(815301076,1909f56bfc062723c751e8b465ee728b)
Start importing Assets/ImportedPackages/Brackeys/2D Mega Pack/Effects/PixelParticle.png using Guid(20cc7aa77cf0c554eaf57b9dfce35c24) Importer(815301076,1909f56bfc062723c751e8b465ee728b)  -> (artifact id: 'fecc4eca4e35d339c6920d963fca8e4c') in 0.053062 seconds
  Import took 0.057979 seconds .

========================================================================
Received Import Request.
  Time since last request: 0.000650 seconds.
  path: Assets/ImportedPackages/Brackeys/2D Mega Pack/Items & Icons/Gold Miner/Phone.png
  artifactKey: Guid(ab13573ac7c44714d9eee118f1c540d5) Importer(815301076,1909f56bfc062723c751e8b465ee728b)
Start importing Assets/ImportedPackages/Brackeys/2D Mega Pack/Items & Icons/Gold Miner/Phone.png using Guid(ab13573ac7c44714d9eee118f1c540d5) Importer(815301076,1909f56bfc062723c751e8b465ee728b)  -> (artifact id: '150c62674f1f0b8b6a742f62ba4cff90') in 0.030025 seconds
  Import took 0.041457 seconds .

========================================================================
Received Import Request.
  Time since last request: 0.000528 seconds.
  path: Assets/ImportedPackages/Brackeys/2D Mega Pack/Food & Plants/Food/Pizza_Done.png
  artifactKey: Guid(c5efe437a3425564a9021a187d541e46) Importer(815301076,1909f56bfc062723c751e8b465ee728b)
Start importing Assets/ImportedPackages/Brackeys/2D Mega Pack/Food & Plants/Food/Pizza_Done.png using Guid(c5efe437a3425564a9021a187d541e46) Importer(815301076,1909f56bfc062723c751e8b465ee728b)  -> (artifact id: 'ff1e622e511833b4c7aa83b65b3bf9c7') in 0.038793 seconds
  Import took 0.043525 seconds .

========================================================================
Received Import Request.
  Time since last request: 0.000613 seconds.
  path: Assets/ImportedPackages/Brackeys/2D Mega Pack/Food & Plants/Food/Pizza_Dead.png
  artifactKey: Guid(3dc9277b4d7254c4bb24a43248eea086) Importer(815301076,1909f56bfc062723c751e8b465ee728b)
Start importing Assets/ImportedPackages/Brackeys/2D Mega Pack/Food & Plants/Food/Pizza_Dead.png using Guid(3dc9277b4d7254c4bb24a43248eea086) Importer(815301076,1909f56bfc062723c751e8b465ee728b)  -> (artifact id: 'c01e946ae1681446b57867a0fde85548') in 0.052542 seconds
  Import took 0.058454 seconds .

========================================================================
Received Import Request.
  Time since last request: 0.000700 seconds.
  path: Assets/ImportedPackages/Brackeys/2D Mega Pack/Food & Plants/Food/Noodles_Seed.png
  artifactKey: Guid(63b9870bbf2ba1a49a01245628db08dd) Importer(815301076,1909f56bfc062723c751e8b465ee728b)
Start importing Assets/ImportedPackages/Brackeys/2D Mega Pack/Food & Plants/Food/Noodles_Seed.png using Guid(63b9870bbf2ba1a49a01245628db08dd) Importer(815301076,1909f56bfc062723c751e8b465ee728b)  -> (artifact id: 'fb0a1f07d545584b9e4ae393a6dfcaab') in 0.046200 seconds
  Import took 0.052561 seconds .

========================================================================
Received Import Request.
  Time since last request: 0.000619 seconds.
  path: Assets/ImportedPackages/Brackeys/2D Mega Pack/Platforms/Platform_Outline.png
  artifactKey: Guid(662d1569d83ae68469880e52c5214ece) Importer(815301076,1909f56bfc062723c751e8b465ee728b)
Start importing Assets/ImportedPackages/Brackeys/2D Mega Pack/Platforms/Platform_Outline.png using Guid(662d1569d83ae68469880e52c5214ece) Importer(815301076,1909f56bfc062723c751e8b465ee728b)  -> (artifact id: '924ff1302630eb09514b6ecc6a50c083') in 0.070150 seconds
  Import took 0.075411 seconds .

========================================================================
Received Import Request.
  Time since last request: 0.000629 seconds.
  path: Assets/ImportedPackages/Brackeys/2D Mega Pack/UI/Panel.png
  artifactKey: Guid(2d2a8283297ec2145995167477834885) Importer(815301076,1909f56bfc062723c751e8b465ee728b)
Start importing Assets/ImportedPackages/Brackeys/2D Mega Pack/UI/Panel.png using Guid(2d2a8283297ec2145995167477834885) Importer(815301076,1909f56bfc062723c751e8b465ee728b)  -> (artifact id: '36fbae30f81d138b83e7842dc0f7de49') in 0.045450 seconds
  Import took 0.050313 seconds .

========================================================================
Received Import Request.
  Time since last request: 0.000620 seconds.
  path: Assets/ImportedPackages/Brackeys/2D Mega Pack/Platforms/Platform_Vertical_Pink.png
  artifactKey: Guid(1f6dbf787d3d8e84381791aa30d9c292) Importer(815301076,1909f56bfc062723c751e8b465ee728b)
Start importing Assets/ImportedPackages/Brackeys/2D Mega Pack/Platforms/Platform_Vertical_Pink.png using Guid(1f6dbf787d3d8e84381791aa30d9c292) Importer(815301076,1909f56bfc062723c751e8b465ee728b)  -> (artifact id: 'b7b1a2dd7a7b625cbc30bd21fd1b1c8f') in 0.072546 seconds
  Import took 0.152799 seconds .

========================================================================
Received Import Request.
  Time since last request: 0.804377 seconds.
  path: Assets/ImportedPackages/Brackeys/2D Mega Pack/Food & Plants/Vegetation/Mushroom2.png
  artifactKey: Guid(2d3590dc51f096d4c85229f5b19c248c) Importer(815301076,1909f56bfc062723c751e8b465ee728b)
Start importing Assets/ImportedPackages/Brackeys/2D Mega Pack/Food & Plants/Vegetation/Mushroom2.png using Guid(2d3590dc51f096d4c85229f5b19c248c) Importer(815301076,1909f56bfc062723c751e8b465ee728b)  -> (artifact id: '85f5879d64b5ee066259cd0be1cb7201') in 0.050329 seconds
  Import took 0.057972 seconds .

========================================================================
Received Import Request.
  Time since last request: 0.000918 seconds.
  path: Assets/ImportedPackages/Brackeys/2D Mega Pack/Effects/Muzzleflash3.png
  artifactKey: Guid(729dd7a288cc6af4cac0edf25f4af631) Importer(815301076,1909f56bfc062723c751e8b465ee728b)
Start importing Assets/ImportedPackages/Brackeys/2D Mega Pack/Effects/Muzzleflash3.png using Guid(729dd7a288cc6af4cac0edf25f4af631) Importer(815301076,1909f56bfc062723c751e8b465ee728b)  -> (artifact id: 'a33444a96c76e4a84ca40235031f0196') in 0.055423 seconds
  Import took 0.062553 seconds .

========================================================================
Received Import Request.
  Time since last request: 0.001001 seconds.
  path: Assets/ImportedPackages/Brackeys/2D Mega Pack/Items & Icons/Pixel Art/Friendly Army.png
  artifactKey: Guid(9af35dcba929e4d4e864929c8597e626) Importer(815301076,1909f56bfc062723c751e8b465ee728b)
Start importing Assets/ImportedPackages/Brackeys/2D Mega Pack/Items & Icons/Pixel Art/Friendly Army.png using Guid(9af35dcba929e4d4e864929c8597e626) Importer(815301076,1909f56bfc062723c751e8b465ee728b)  -> (artifact id: '580e788b76f82f177e551a7e734f8d8d') in 0.060946 seconds
  Import took 0.106860 seconds .

========================================================================
Received Import Request.
  Time since last request: 0.001167 seconds.
  path: Assets/ImportedPackages/Brackeys/2D Mega Pack/Shapes/Diamond.png
  artifactKey: Guid(37616095ebf53744c950962f33663458) Importer(815301076,1909f56bfc062723c751e8b465ee728b)
Start importing Assets/ImportedPackages/Brackeys/2D Mega Pack/Shapes/Diamond.png using Guid(37616095ebf53744c950962f33663458) Importer(815301076,1909f56bfc062723c751e8b465ee728b)  -> (artifact id: '66c2bdc806d8f6b11ec430730c3b6d9a') in 0.047006 seconds
  Import took 0.054573 seconds .

========================================================================
Received Import Request.
  Time since last request: 0.000957 seconds.
  path: Assets/ImportedPackages/Brackeys/2D Mega Pack/Shapes/Arrow.png
  artifactKey: Guid(24726326f0d24dc41875ec34f94e95b2) Importer(815301076,1909f56bfc062723c751e8b465ee728b)
Start importing Assets/ImportedPackages/Brackeys/2D Mega Pack/Shapes/Arrow.png using Guid(24726326f0d24dc41875ec34f94e95b2) Importer(815301076,1909f56bfc062723c751e8b465ee728b)  -> (artifact id: 'fd441908d38139407dde4e36d8628404') in 0.048688 seconds
  Import took 0.056010 seconds .

========================================================================
Received Import Request.
  Time since last request: 0.001080 seconds.
  path: Assets/ImportedPackages/Brackeys/2D Mega Pack/UI/ItemPoolFrame.png
  artifactKey: Guid(9e81f1d2291050f49bab39ec9fd0bbce) Importer(815301076,1909f56bfc062723c751e8b465ee728b)
Start importing Assets/ImportedPackages/Brackeys/2D Mega Pack/UI/ItemPoolFrame.png using Guid(9e81f1d2291050f49bab39ec9fd0bbce) Importer(815301076,1909f56bfc062723c751e8b465ee728b)  -> (artifact id: 'd0a9322f9eb03f0941fff64f71a43ec8') in 0.141208 seconds
  Import took 0.156087 seconds .

========================================================================
Received Import Request.
  Time since last request: 0.000574 seconds.
  path: Assets/ImportedPackages/Brackeys/2D Mega Pack/Items & Icons/Gold Miner/Diamond.png
  artifactKey: Guid(d9c7df35c6600dd42b897ce1d9ae898b) Importer(815301076,1909f56bfc062723c751e8b465ee728b)
Start importing Assets/ImportedPackages/Brackeys/2D Mega Pack/Items & Icons/Gold Miner/Diamond.png using Guid(d9c7df35c6600dd42b897ce1d9ae898b) Importer(815301076,1909f56bfc062723c751e8b465ee728b)  -> (artifact id: 'fdf7e9ac9d3f549ec5267c06d15d8ead') in 0.057785 seconds
  Import took 0.061986 seconds .

========================================================================
Received Import Request.
  Time since last request: 0.000553 seconds.
  path: Assets/ImportedPackages/Brackeys/2D Mega Pack/Characters/ArcadePlayer.png
  artifactKey: Guid(b4c6e7d0285655f4a9db7355ab7ea678) Importer(815301076,1909f56bfc062723c751e8b465ee728b)
Start importing Assets/ImportedPackages/Brackeys/2D Mega Pack/Characters/ArcadePlayer.png using Guid(b4c6e7d0285655f4a9db7355ab7ea678) Importer(815301076,1909f56bfc062723c751e8b465ee728b)  -> (artifact id: '72a393f958f58bf8dad78dfc9d4794bb') in 0.014233 seconds
  Import took 0.018067 seconds .

========================================================================
Received Import Request.
  Time since last request: 0.000398 seconds.
  path: Assets/ImportedPackages/Brackeys/2D Mega Pack/Effects/Muzzleflash1.png
  artifactKey: Guid(537061d6ab4addf439f918145d65123e) Importer(815301076,1909f56bfc062723c751e8b465ee728b)
Start importing Assets/ImportedPackages/Brackeys/2D Mega Pack/Effects/Muzzleflash1.png using Guid(537061d6ab4addf439f918145d65123e) Importer(815301076,1909f56bfc062723c751e8b465ee728b)  -> (artifact id: '3019b66d8380599a16e9480fc8ac0d56') in 0.065633 seconds
  Import took 0.069788 seconds .

========================================================================
Received Import Request.
  Time since last request: 0.000428 seconds.
  path: Assets/ImportedPackages/Brackeys/2D Mega Pack/Items & Icons/Stick Figure-like/Humvee.png
  artifactKey: Guid(b2e7d9b79031fb648847688edd499c96) Importer(815301076,1909f56bfc062723c751e8b465ee728b)
Start importing Assets/ImportedPackages/Brackeys/2D Mega Pack/Items & Icons/Stick Figure-like/Humvee.png using Guid(b2e7d9b79031fb648847688edd499c96) Importer(815301076,1909f56bfc062723c751e8b465ee728b)  -> (artifact id: 'dcd7cb80523073034576d7258ccff02c') in 0.067201 seconds
  Import took 0.070909 seconds .

========================================================================
Received Import Request.
  Time since last request: 0.000547 seconds.
  path: Assets/ImportedPackages/Brackeys/2D Mega Pack/UI/IconBox.png
  artifactKey: Guid(418d638d3bbaa6f4b82cd8c785a73ff7) Importer(815301076,1909f56bfc062723c751e8b465ee728b)
Start importing Assets/ImportedPackages/Brackeys/2D Mega Pack/UI/IconBox.png using Guid(418d638d3bbaa6f4b82cd8c785a73ff7) Importer(815301076,1909f56bfc062723c751e8b465ee728b)  -> (artifact id: '56c3a2fd52b499ea3b00510626f8a95c') in 0.020474 seconds
  Import took 0.034267 seconds .

========================================================================
Received Import Request.
  Time since last request: 0.000471 seconds.
  path: Assets/ImportedPackages/Brackeys/2D Mega Pack/Food & Plants/Food/Noodles_Done.png
  artifactKey: Guid(67d91650448db8d4f8c2761c114467a6) Importer(815301076,1909f56bfc062723c751e8b465ee728b)
Start importing Assets/ImportedPackages/Brackeys/2D Mega Pack/Food & Plants/Food/Noodles_Done.png using Guid(67d91650448db8d4f8c2761c114467a6) Importer(815301076,1909f56bfc062723c751e8b465ee728b)  -> (artifact id: 'ebc55adbd7d2c8442575b20c89c89657') in 0.037787 seconds
  Import took 0.042023 seconds .

========================================================================
Received Import Request.
  Time since last request: 0.000655 seconds.
  path: Assets/ImportedPackages/Brackeys/2D Mega Pack/UI/ItemFrame.png
  artifactKey: Guid(37b388a5217aba141900a0ac698315c5) Importer(815301076,1909f56bfc062723c751e8b465ee728b)
Start importing Assets/ImportedPackages/Brackeys/2D Mega Pack/UI/ItemFrame.png using Guid(37b388a5217aba141900a0ac698315c5) Importer(815301076,1909f56bfc062723c751e8b465ee728b)  -> (artifact id: '7fa96167a6d45ce46085815b155133e2') in 0.047158 seconds
  Import took 0.060680 seconds .

========================================================================
Received Import Request.
  Time since last request: 0.000531 seconds.
  path: Assets/ImportedPackages/Brackeys/2D Mega Pack/Effects/Muzzleflash2.png
  artifactKey: Guid(8dc86788c2b5b6f4c8c37280a947161a) Importer(815301076,1909f56bfc062723c751e8b465ee728b)
Start importing Assets/ImportedPackages/Brackeys/2D Mega Pack/Effects/Muzzleflash2.png using Guid(8dc86788c2b5b6f4c8c37280a947161a) Importer(815301076,1909f56bfc062723c751e8b465ee728b)  -> (artifact id: '1c9e77706844aaceed4dfc560edafb09') in 0.042107 seconds
  Import took 0.046146 seconds .

========================================================================
Received Import Request.
  Time since last request: 0.000485 seconds.
  path: Assets/ImportedPackages/Brackeys/2D Mega Pack/Characters/Detective.png
  artifactKey: Guid(f776e2e9690501e41a2e5b81ceb440b9) Importer(815301076,1909f56bfc062723c751e8b465ee728b)
Start importing Assets/ImportedPackages/Brackeys/2D Mega Pack/Characters/Detective.png using Guid(f776e2e9690501e41a2e5b81ceb440b9) Importer(815301076,1909f56bfc062723c751e8b465ee728b)  -> (artifact id: '378d8484e9ea43b2954ecc60859b1e7f') in 0.125774 seconds
  Import took 0.131388 seconds .

========================================================================
Received Import Request.
  Time since last request: 0.000677 seconds.
  path: Assets/ImportedPackages/Brackeys/2D Mega Pack/Enemies/AlienSpaceship.png
  artifactKey: Guid(a8166ea434d337349818825bff42d2f6) Importer(815301076,1909f56bfc062723c751e8b465ee728b)
Start importing Assets/ImportedPackages/Brackeys/2D Mega Pack/Enemies/AlienSpaceship.png using Guid(a8166ea434d337349818825bff42d2f6) Importer(815301076,1909f56bfc062723c751e8b465ee728b)  -> (artifact id: '68a219d744e27b48c348d9bb50139feb') in 0.081587 seconds
  Import took 0.087275 seconds .

========================================================================
Received Import Request.
  Time since last request: 0.000666 seconds.
  path: Assets/ImportedPackages/Brackeys/2D Mega Pack/Items & Icons/Pixel Art/Iron.png
  artifactKey: Guid(9e3850ff9c22c0949954069e855a2a44) Importer(815301076,1909f56bfc062723c751e8b465ee728b)
Start importing Assets/ImportedPackages/Brackeys/2D Mega Pack/Items & Icons/Pixel Art/Iron.png using Guid(9e3850ff9c22c0949954069e855a2a44) Importer(815301076,1909f56bfc062723c751e8b465ee728b)  -> (artifact id: '93f21b5f1e46bc325a7c4001b45031c2') in 0.042389 seconds
  Import took 0.048106 seconds .

========================================================================
Received Import Request.
  Time since last request: 0.000677 seconds.
  path: Assets/ImportedPackages/Brackeys/2D Mega Pack/Environment/Grungy/ApartmentLevel.png
  artifactKey: Guid(21a9c4db5a8aeb24697f53ea4e898402) Importer(815301076,1909f56bfc062723c751e8b465ee728b)
Start importing Assets/ImportedPackages/Brackeys/2D Mega Pack/Environment/Grungy/ApartmentLevel.png using Guid(21a9c4db5a8aeb24697f53ea4e898402) Importer(815301076,1909f56bfc062723c751e8b465ee728b)  -> (artifact id: 'cf5bb3fb18b47d1549d9e5ef4502239d') in 0.076845 seconds
  Import took 0.107233 seconds .

========================================================================
Received Import Request.
  Time since last request: 0.000547 seconds.
  path: Assets/ImportedPackages/Brackeys/2D Mega Pack/Enemies/Insects/GiantBeetle.png
  artifactKey: Guid(dfe2da12be5f5994286f281b2cde6656) Importer(815301076,1909f56bfc062723c751e8b465ee728b)
Start importing Assets/ImportedPackages/Brackeys/2D Mega Pack/Enemies/Insects/GiantBeetle.png using Guid(dfe2da12be5f5994286f281b2cde6656) Importer(815301076,1909f56bfc062723c751e8b465ee728b)  -> (artifact id: '370b89450a8fc17351f825096c367f03') in 0.065510 seconds
  Import took 0.070346 seconds .

========================================================================
Received Import Request.
  Time since last request: 0.000668 seconds.
  path: Assets/ImportedPackages/Brackeys/2D Mega Pack/Items & Icons/Minimalistic/Goal.png
  artifactKey: Guid(cc6b5425952bc7544851889cb4d154c6) Importer(815301076,1909f56bfc062723c751e8b465ee728b)
Start importing Assets/ImportedPackages/Brackeys/2D Mega Pack/Items & Icons/Minimalistic/Goal.png using Guid(cc6b5425952bc7544851889cb4d154c6) Importer(815301076,1909f56bfc062723c751e8b465ee728b)  -> (artifact id: 'e2aa73b47e4487ff6870c09b13256ba2') in 0.061119 seconds
  Import took 0.066068 seconds .

========================================================================
Received Import Request.
  Time since last request: 0.000693 seconds.
  path: Assets/ImportedPackages/Brackeys/2D Mega Pack/UI/Arrow.png
  artifactKey: Guid(09c0ffabe50dba2449423f828d63133a) Importer(815301076,1909f56bfc062723c751e8b465ee728b)
Start importing Assets/ImportedPackages/Brackeys/2D Mega Pack/UI/Arrow.png using Guid(09c0ffabe50dba2449423f828d63133a) Importer(815301076,1909f56bfc062723c751e8b465ee728b)  -> (artifact id: '5c1d37906d92b59d2f0c31a7e72eaa2a') in 0.019966 seconds
  Import took 0.024645 seconds .

========================================================================
Received Import Request.
  Time since last request: 0.000629 seconds.
  path: Assets/ImportedPackages/Brackeys/2D Mega Pack/Food & Plants/Food/Hotwings_Seed.png
  artifactKey: Guid(22f9e83bb59e0454687d15a9c1ab5bb3) Importer(815301076,1909f56bfc062723c751e8b465ee728b)
Start importing Assets/ImportedPackages/Brackeys/2D Mega Pack/Food & Plants/Food/Hotwings_Seed.png using Guid(22f9e83bb59e0454687d15a9c1ab5bb3) Importer(815301076,1909f56bfc062723c751e8b465ee728b)  -> (artifact id: '25b599af88e40249e672f3f4de16a4f4') in 0.081702 seconds
  Import took 0.117166 seconds .

========================================================================
Received Import Request.
  Time since last request: 0.000608 seconds.
  path: Assets/ImportedPackages/Brackeys/2D Mega Pack/Characters/Astronaut.png
  artifactKey: Guid(a0e7f1167efba544bb8d6e3198ae44f9) Importer(815301076,1909f56bfc062723c751e8b465ee728b)
Start importing Assets/ImportedPackages/Brackeys/2D Mega Pack/Characters/Astronaut.png using Guid(a0e7f1167efba544bb8d6e3198ae44f9) Importer(815301076,1909f56bfc062723c751e8b465ee728b)  -> (artifact id: 'f9fac503cac4d93c08227f6ce896457a') in 0.133353 seconds
  Import took 0.138473 seconds .

========================================================================
Received Import Request.
  Time since last request: 0.000620 seconds.
  path: Assets/ImportedPackages/Brackeys/2D Mega Pack/-- Example Photos --/Gold Miner Example.png
  artifactKey: Guid(0eee6b3f41fb0134d80930957ef67fb6) Importer(815301076,1909f56bfc062723c751e8b465ee728b)
Start importing Assets/ImportedPackages/Brackeys/2D Mega Pack/-- Example Photos --/Gold Miner Example.png using Guid(0eee6b3f41fb0134d80930957ef67fb6) Importer(815301076,1909f56bfc062723c751e8b465ee728b)  -> (artifact id: '29dbe427fa5bd6dfdcc00fc4448ea184') in 0.190674 seconds
  Import took 0.244967 seconds .

========================================================================
Received Import Request.
  Time since last request: 0.000900 seconds.
  path: Assets/ImportedPackages/Brackeys/2D Mega Pack/Food & Plants/Vegetation/Flower2.png
  artifactKey: Guid(1523363110d51784fa3085b9b74cdfc1) Importer(815301076,1909f56bfc062723c751e8b465ee728b)
Start importing Assets/ImportedPackages/Brackeys/2D Mega Pack/Food & Plants/Vegetation/Flower2.png using Guid(1523363110d51784fa3085b9b74cdfc1) Importer(815301076,1909f56bfc062723c751e8b465ee728b)  -> (artifact id: '6164d8f65361c1d4f48f9ac0c2deeab3') in 0.028126 seconds
  Import took 0.043971 seconds .

========================================================================
Received Import Request.
  Time since last request: 0.000415 seconds.
  path: Assets/ImportedPackages/Brackeys/2D Mega Pack/Environment/Farming/Dirt_Left.png
  artifactKey: Guid(4b3d667bcfe137e4bac8ca33c38cf267) Importer(815301076,1909f56bfc062723c751e8b465ee728b)
Start importing Assets/ImportedPackages/Brackeys/2D Mega Pack/Environment/Farming/Dirt_Left.png using Guid(4b3d667bcfe137e4bac8ca33c38cf267) Importer(815301076,1909f56bfc062723c751e8b465ee728b)  -> (artifact id: '7bb7632d769899b846d52bbad48d7527') in 0.038743 seconds
  Import took 0.042325 seconds .

========================================================================
Received Import Request.
  Time since last request: 0.000486 seconds.
  path: Assets/ImportedPackages/Brackeys/2D Mega Pack/Food & Plants/Food/Noodles_Dead.png
  artifactKey: Guid(1fc7d2784f39bca4e9158ea31427d79a) Importer(815301076,1909f56bfc062723c751e8b465ee728b)
Start importing Assets/ImportedPackages/Brackeys/2D Mega Pack/Food & Plants/Food/Noodles_Dead.png using Guid(1fc7d2784f39bca4e9158ea31427d79a) Importer(815301076,1909f56bfc062723c751e8b465ee728b)  -> (artifact id: 'ebcd3bec407c3aad70417f0d8f03425c') in 0.044478 seconds
  Import took 0.048156 seconds .

========================================================================
Received Import Request.
  Time since last request: 0.000506 seconds.
  path: Assets/ImportedPackages/Brackeys/2D Mega Pack/Items & Icons/Pixel Art/Glass.png
  artifactKey: Guid(39c5835c5bc828148b44cdff45a30dd5) Importer(815301076,1909f56bfc062723c751e8b465ee728b)
Start importing Assets/ImportedPackages/Brackeys/2D Mega Pack/Items & Icons/Pixel Art/Glass.png using Guid(39c5835c5bc828148b44cdff45a30dd5) Importer(815301076,1909f56bfc062723c751e8b465ee728b)  -> (artifact id: '82133d2552876c370b3ccea4614b9e07') in 0.055401 seconds
  Import took 0.089303 seconds .

========================================================================
Received Import Request.
  Time since last request: 0.000618 seconds.
  path: Assets/ImportedPackages/Brackeys/2D Mega Pack/Shapes/LargeRing.png
  artifactKey: Guid(8f4ea53398839234fb3e3aceb76b36a5) Importer(815301076,1909f56bfc062723c751e8b465ee728b)
Start importing Assets/ImportedPackages/Brackeys/2D Mega Pack/Shapes/LargeRing.png using Guid(8f4ea53398839234fb3e3aceb76b36a5) Importer(815301076,1909f56bfc062723c751e8b465ee728b)  -> (artifact id: '1c3e92f24029ceeeea1d02f3484030dd') in 0.135002 seconds
  Import took 0.139600 seconds .

========================================================================
Received Import Request.
  Time since last request: 0.000471 seconds.
  path: Assets/ImportedPackages/Brackeys/2D Mega Pack/UI/Dialogue.png
  artifactKey: Guid(9b337a360b84fa9428fe7dbe7774012f) Importer(815301076,1909f56bfc062723c751e8b465ee728b)
Start importing Assets/ImportedPackages/Brackeys/2D Mega Pack/UI/Dialogue.png using Guid(9b337a360b84fa9428fe7dbe7774012f) Importer(815301076,1909f56bfc062723c751e8b465ee728b)  -> (artifact id: '4218d03e9031584ec010c03592dcd73d') in 0.030496 seconds
  Import took 0.034460 seconds .

========================================================================
Received Import Request.
  Time since last request: 0.000554 seconds.
  path: Assets/ImportedPackages/Brackeys/2D Mega Pack/Items & Icons/Pixel Art/Diamond.png
  artifactKey: Guid(6b3b8ef492edc304f9230dc368e8af5c) Importer(815301076,1909f56bfc062723c751e8b465ee728b)
Start importing Assets/ImportedPackages/Brackeys/2D Mega Pack/Items & Icons/Pixel Art/Diamond.png using Guid(6b3b8ef492edc304f9230dc368e8af5c) Importer(815301076,1909f56bfc062723c751e8b465ee728b)  -> (artifact id: 'f024f58a96dc2dfd5c1e1bc1e3849a35') in 0.080056 seconds
  Import took 0.084661 seconds .

========================================================================
Received Import Request.
  Time since last request: 0.000448 seconds.
  path: Assets/ImportedPackages/Brackeys/2D Mega Pack/Items & Icons/Cute/DinnerTable.png
  artifactKey: Guid(e11c6e74230e7c840a3fbcf8989cb499) Importer(815301076,1909f56bfc062723c751e8b465ee728b)
Start importing Assets/ImportedPackages/Brackeys/2D Mega Pack/Items & Icons/Cute/DinnerTable.png using Guid(e11c6e74230e7c840a3fbcf8989cb499) Importer(815301076,1909f56bfc062723c751e8b465ee728b)  -> (artifact id: '8f35dae27d084a8c3940d954e098b12e') in 0.032342 seconds
  Import took 0.036873 seconds .

========================================================================
Received Import Request.
  Time since last request: 0.000403 seconds.
  path: Assets/ImportedPackages/Brackeys/2D Mega Pack/Items & Icons/Cute/DinnerTable2.png
  artifactKey: Guid(6f082b6ddb44f9745a815afaaf44245a) Importer(815301076,1909f56bfc062723c751e8b465ee728b)
Start importing Assets/ImportedPackages/Brackeys/2D Mega Pack/Items & Icons/Cute/DinnerTable2.png using Guid(6f082b6ddb44f9745a815afaaf44245a) Importer(815301076,1909f56bfc062723c751e8b465ee728b)  -> (artifact id: '69c819980a6dee2897c37dff9277e0be') in 0.050496 seconds
  Import took 0.054109 seconds .

========================================================================
Received Import Request.
  Time since last request: 0.000420 seconds.
  path: Assets/ImportedPackages/Brackeys/2D Mega Pack/Food & Plants/Food/Hotwings_Done.png
  artifactKey: Guid(43c7cd3796487a540973573009a6817f) Importer(815301076,1909f56bfc062723c751e8b465ee728b)
Start importing Assets/ImportedPackages/Brackeys/2D Mega Pack/Food & Plants/Food/Hotwings_Done.png using Guid(43c7cd3796487a540973573009a6817f) Importer(815301076,1909f56bfc062723c751e8b465ee728b)  -> (artifact id: '5c18a18c75280e061dd2b0d68c63e846') in 0.033309 seconds
  Import took 0.037236 seconds .

========================================================================
Received Import Request.
  Time since last request: 0.000727 seconds.
  path: Assets/ImportedPackages/Brackeys/2D Mega Pack/Backgrounds/ArcadeGreyBackground.png
  artifactKey: Guid(730c911464148054487bb3efd7ef0d07) Importer(815301076,1909f56bfc062723c751e8b465ee728b)
Start importing Assets/ImportedPackages/Brackeys/2D Mega Pack/Backgrounds/ArcadeGreyBackground.png using Guid(730c911464148054487bb3efd7ef0d07) Importer(815301076,1909f56bfc062723c751e8b465ee728b)  -> (artifact id: '1d11ce9431248d401b9a98e20c410780') in 0.032361 seconds
  Import took 0.072203 seconds .

========================================================================
Received Import Request.
  Time since last request: 0.000440 seconds.
  path: Assets/ImportedPackages/Brackeys/2D Mega Pack/Food & Plants/Vegetation/Flower3.png
  artifactKey: Guid(090685ddfa394cd439be5ce36d30362c) Importer(815301076,1909f56bfc062723c751e8b465ee728b)
Start importing Assets/ImportedPackages/Brackeys/2D Mega Pack/Food & Plants/Vegetation/Flower3.png using Guid(090685ddfa394cd439be5ce36d30362c) Importer(815301076,1909f56bfc062723c751e8b465ee728b)  -> (artifact id: '66980996b2d6e36a8de28b65abbb456f') in 0.039388 seconds
  Import took 0.043221 seconds .

========================================================================
Received Import Request.
  Time since last request: 27.081542 seconds.
  path: Assets/MenuPrincipalPackage/image/play.png
  artifactKey: Guid(a0860a5ed8d7e4e48bf4d64d6c225fc8) Importer(815301076,1909f56bfc062723c751e8b465ee728b)
Start importing Assets/MenuPrincipalPackage/image/play.png using Guid(a0860a5ed8d7e4e48bf4d64d6c225fc8) Importer(815301076,1909f56bfc062723c751e8b465ee728b)  -> (artifact id: '03a80f4a78b8c4459b0c911800a06b56') in 0.032025 seconds
  Import took 0.041952 seconds .

========================================================================
Received Import Request.
  Time since last request: 0.048616 seconds.
  path: Assets/MenuPrincipalPackage/image/play.png
  artifactKey: Guid(a0860a5ed8d7e4e48bf4d64d6c225fc8) Importer(815301076,1909f56bfc062723c751e8b465ee728b)
Start importing Assets/MenuPrincipalPackage/image/play.png using Guid(a0860a5ed8d7e4e48bf4d64d6c225fc8) Importer(815301076,1909f56bfc062723c751e8b465ee728b)  -> (artifact id: '03a80f4a78b8c4459b0c911800a06b56') in 0.031883 seconds
  Import took 0.039359 seconds .

========================================================================
Received Import Request.
  Time since last request: 7.307580 seconds.
  path: Assets/MenuPrincipalPackage/image/play.png
  artifactKey: Guid(a0860a5ed8d7e4e48bf4d64d6c225fc8) Importer(815301076,1909f56bfc062723c751e8b465ee728b)
Start importing Assets/MenuPrincipalPackage/image/play.png using Guid(a0860a5ed8d7e4e48bf4d64d6c225fc8) Importer(815301076,1909f56bfc062723c751e8b465ee728b)  -> (artifact id: 'e458b02b974fb49a3cc977cbd28360ad') in 0.019009 seconds
  Import took 0.023469 seconds .

========================================================================
Received Prepare
Registering precompiled user dll's ...
Registered in 0.002736 seconds.
Begin MonoManager ReloadAssembly
Native extension for WindowsStandalone target not found
Native extension for WebGL target not found
Refreshing native plugins compatible for Editor in 0.87 ms, found 0 plugins.
Preloading 0 native plugins for Editor in 0.00 ms.
Invoked RoslynAnalysisRunner static constructor.
RoslynAnalysisRunner will not be running.
RoslynAnalysisRunner has terminated.
Mono: successfully reloaded assembly
- Completed reload, in  2.463 seconds
Platform modules already initialized, skipping
Refreshing native plugins compatible for Editor in 1.17 ms, found 0 plugins.
Preloading 0 native plugins for Editor in 0.00 ms.
Unloading 1172 Unused Serialized files (Serialized files now loaded: 0)
System memory in use before: 144.5 MB.
System memory in use after: 144.2 MB.

Unloading 7 unused Assets to reduce memory usage. Loaded Objects now: 1786.
Total: 9.333900 ms (FindLiveObjects: 1.305600 ms CreateObjectMapping: 0.465900 ms MarkObjects: 6.471000 ms  DeleteObjects: 1.079900 ms)

========================================================================
Received Prepare
Registering precompiled user dll's ...
Registered in 0.002013 seconds.
Begin MonoManager ReloadAssembly
Native extension for WindowsStandalone target not found
Native extension for WebGL target not found
Refreshing native plugins compatible for Editor in 0.63 ms, found 0 plugins.
Preloading 0 native plugins for Editor in 0.00 ms.
Invoked RoslynAnalysisRunner static constructor.
RoslynAnalysisRunner will not be running.
RoslynAnalysisRunner has terminated.
Mono: successfully reloaded assembly
- Completed reload, in  2.016 seconds
Platform modules already initialized, skipping
Refreshing native plugins compatible for Editor in 0.59 ms, found 0 plugins.
Preloading 0 native plugins for Editor in 0.00 ms.
Unloading 1172 Unused Serialized files (Serialized files now loaded: 0)
System memory in use before: 144.5 MB.
System memory in use after: 144.2 MB.

Unloading 7 unused Assets to reduce memory usage. Loaded Objects now: 1788.
Total: 4.155600 ms (FindLiveObjects: 0.281000 ms CreateObjectMapping: 0.083600 ms MarkObjects: 3.108100 ms  DeleteObjects: 0.680700 ms)

========================================================================
Received Prepare
Registering precompiled user dll's ...
Registered in 0.002024 seconds.
Begin MonoManager ReloadAssembly
Native extension for WindowsStandalone target not found
Native extension for WebGL target not found
Refreshing native plugins compatible for Editor in 0.59 ms, found 0 plugins.
Preloading 0 native plugins for Editor in 0.00 ms.
Invoked RoslynAnalysisRunner static constructor.
RoslynAnalysisRunner will not be running.
RoslynAnalysisRunner has terminated.
Mono: successfully reloaded assembly
- Completed reload, in  1.923 seconds
Platform modules already initialized, skipping
Refreshing native plugins compatible for Editor in 0.59 ms, found 0 plugins.
Preloading 0 native plugins for Editor in 0.00 ms.
Unloading 1172 Unused Serialized files (Serialized files now loaded: 0)
System memory in use before: 144.5 MB.
System memory in use after: 144.2 MB.

Unloading 7 unused Assets to reduce memory usage. Loaded Objects now: 1790.
Total: 4.203600 ms (FindLiveObjects: 0.275900 ms CreateObjectMapping: 0.090000 ms MarkObjects: 3.033400 ms  DeleteObjects: 0.802200 ms)

AssetImportWorkerClient::OnTransportError - code=2 error=End of file
