Using pre-set license
Built from '2020.2/release' branch; Version is '2020.2.1f1 (270dd8c3da1c) revision 2559448'; Using compiler version '192528614'; Build Type 'Release'
OS: 'Windows 10  (10.0.0) 64bit' Language: 'fr' Physical Memory: 8062 MB
BatchMode: 1, IsHumanControllingUs: 0, StartBugReporterOnCrash: 0, Is64bit: 1, IsPro: 0

 COMMAND LINE ARGUMENTS:
C:\Program Files\2020.2.1f1\Editor\Unity.exe
-adb2
-batchMode
-noUpm
-name
AssetImportWorker0
-projectPath
C:/Users/Jimmy/Documents/GitHub/Programmation_3D/TP2_Desitter_Husson
-logFile
Logs/AssetImportWorker0.log
-srvPort
61617
Successfully changed project path to: C:/Users/Jimmy/Documents/GitHub/Programmation_3D/TP2_Desitter_Husson
C:/Users/Jimmy/Documents/GitHub/Programmation_3D/TP2_Desitter_Husson
Using Asset Import Pipeline V2.
Refreshing native plugins compatible for Editor in 30.80 ms, found 0 plugins.
Preloading 0 native plugins for Editor in 0.00 ms.
Initialize engine version: 2020.2.1f1 (270dd8c3da1c)
[Subsystems] Discovering subsystems at path C:/Program Files/2020.2.1f1/Editor/Data/Resources/UnitySubsystems
[Subsystems] Discovering subsystems at path C:/Users/Jimmy/Documents/GitHub/Programmation_3D/TP2_Desitter_Husson/Assets
GfxDevice: creating device client; threaded=0
Direct3D:
    Version:  Direct3D 11.0 [level 11.1]
    Renderer: Intel(R) UHD Graphics 620 (ID=0x3ea0)
    Vendor:   
    VRAM:     4031 MB
    Driver:   27.20.100.8190
Initialize mono
Mono path[0] = 'C:/Program Files/2020.2.1f1/Editor/Data/Managed'
Mono path[1] = 'C:/Program Files/2020.2.1f1/Editor/Data/MonoBleedingEdge/lib/mono/unityjit'
Mono config path = 'C:/Program Files/2020.2.1f1/Editor/Data/MonoBleedingEdge/etc'
Using monoOptions --debugger-agent=transport=dt_socket,embedding=1,server=y,suspend=n,address=127.0.0.1:56164
Begin MonoManager ReloadAssembly
Registering precompiled unity dll's ...
Register platform support module: C:/Program Files/2020.2.1f1/Editor/Data/PlaybackEngines/WebGLSupport/UnityEditor.WebGL.Extensions.dll
Register platform support module: C:/Program Files/2020.2.1f1/Editor/Data/PlaybackEngines/WindowsStandaloneSupport/UnityEditor.WindowsStandalone.Extensions.dll
Register platform support module: C:/Program Files/2020.2.1f1/Editor/Data/PlaybackEngines/LinuxStandaloneSupport/UnityEditor.LinuxStandalone.Extensions.dll
Registered in 0.002356 seconds.
Native extension for LinuxStandalone target not found
Native extension for WindowsStandalone target not found
Native extension for WebGL target not found
Refreshing native plugins compatible for Editor in 24.96 ms, found 0 plugins.
Preloading 0 native plugins for Editor in 0.00 ms.
Invoked RoslynAnalysisRunner static constructor.
RoslynAnalysisRunner will not be running.
RoslynAnalysisRunner has terminated.
Mono: successfully reloaded assembly
- Completed reload, in  4.175 seconds
Platform modules already initialized, skipping
Registering precompiled user dll's ...
Registered in 0.000629 seconds.
Begin MonoManager ReloadAssembly
Native extension for LinuxStandalone target not found
Native extension for WindowsStandalone target not found
Native extension for WebGL target not found
Refreshing native plugins compatible for Editor in 0.21 ms, found 0 plugins.
Preloading 0 native plugins for Editor in 0.00 ms.
Invoked RoslynAnalysisRunner static constructor.
RoslynAnalysisRunner will not be running.
RoslynAnalysisRunner has terminated.
Mono: successfully reloaded assembly
- Completed reload, in  0.790 seconds
Platform modules already initialized, skipping
========================================================================
Worker process is ready to serve import requests
Launched and connected shader compiler UnityShaderCompiler.exe after 0.05 seconds
Refreshing native plugins compatible for Editor in 0.21 ms, found 0 plugins.
Preloading 0 native plugins for Editor in 0.00 ms.
Unloading 1098 Unused Serialized files (Serialized files now loaded: 0)
System memory in use before: 57.1 MB.
System memory in use after: 57.1 MB.

Unloading 10 unused Assets to reduce memory usage. Loaded Objects now: 1542.
Total: 2.130200 ms (FindLiveObjects: 0.140400 ms CreateObjectMapping: 0.042800 ms MarkObjects: 1.831600 ms  DeleteObjects: 0.114500 ms)

========================================================================
Received Import Request.
  path: Assets/Script/CorpsController.cs
  artifactKey: Guid(5b1f6b689db34504bbbe2f2f4a13f2d0) Importer(815301076,1909f56bfc062723c751e8b465ee728b)
Start importing Assets/Script/CorpsController.cs using Guid(5b1f6b689db34504bbbe2f2f4a13f2d0) Importer(815301076,1909f56bfc062723c751e8b465ee728b)  -> (artifact id: '8bf12dabc06cae4220992fb105b86ca2') in 0.037665 seconds
  Import took 0.043384 seconds .

========================================================================
Received Import Request.
  Time since last request: 31.801745 seconds.
  path: Assets/Script/CorpsController.cs
  artifactKey: Guid(5b1f6b689db34504bbbe2f2f4a13f2d0) Importer(815301076,1909f56bfc062723c751e8b465ee728b)
Start importing Assets/Script/CorpsController.cs using Guid(5b1f6b689db34504bbbe2f2f4a13f2d0) Importer(815301076,1909f56bfc062723c751e8b465ee728b)  -> (artifact id: 'f4ed34494a64d8a5eef58fe6c11346c5') in 0.006796 seconds
  Import took 0.014477 seconds .

========================================================================
Received Prepare
Registering precompiled user dll's ...
Registered in 0.000641 seconds.
Begin MonoManager ReloadAssembly
Native extension for LinuxStandalone target not found
Native extension for WindowsStandalone target not found
Native extension for WebGL target not found
Refreshing native plugins compatible for Editor in 0.28 ms, found 0 plugins.
Preloading 0 native plugins for Editor in 0.00 ms.
Invoked RoslynAnalysisRunner static constructor.
RoslynAnalysisRunner will not be running.
RoslynAnalysisRunner has terminated.
Mono: successfully reloaded assembly
- Completed reload, in  0.788 seconds
Platform modules already initialized, skipping
Refreshing native plugins compatible for Editor in 0.21 ms, found 0 plugins.
Preloading 0 native plugins for Editor in 0.00 ms.
Unloading 1093 Unused Serialized files (Serialized files now loaded: 0)
System memory in use before: 57.3 MB.
System memory in use after: 57.4 MB.

Unloading 5 unused Assets to reduce memory usage. Loaded Objects now: 1544.
Total: 1.947100 ms (FindLiveObjects: 0.180400 ms CreateObjectMapping: 0.093100 ms MarkObjects: 1.612600 ms  DeleteObjects: 0.060100 ms)

========================================================================
Received Prepare
Registering precompiled user dll's ...
Registered in 0.000671 seconds.
Begin MonoManager ReloadAssembly
Native extension for LinuxStandalone target not found
Native extension for WindowsStandalone target not found
Native extension for WebGL target not found
Refreshing native plugins compatible for Editor in 0.27 ms, found 0 plugins.
Preloading 0 native plugins for Editor in 0.00 ms.
Invoked RoslynAnalysisRunner static constructor.
RoslynAnalysisRunner will not be running.
RoslynAnalysisRunner has terminated.
Mono: successfully reloaded assembly
- Completed reload, in  0.860 seconds
Platform modules already initialized, skipping
Refreshing native plugins compatible for Editor in 0.20 ms, found 0 plugins.
Preloading 0 native plugins for Editor in 0.00 ms.
Unloading 1093 Unused Serialized files (Serialized files now loaded: 0)
System memory in use before: 57.6 MB.
System memory in use after: 57.7 MB.

Unloading 5 unused Assets to reduce memory usage. Loaded Objects now: 1546.
Total: 1.926900 ms (FindLiveObjects: 0.195800 ms CreateObjectMapping: 0.044300 ms MarkObjects: 1.622800 ms  DeleteObjects: 0.062500 ms)

========================================================================
Received Prepare
Registering precompiled user dll's ...
Registered in 0.000663 seconds.
Begin MonoManager ReloadAssembly
Native extension for LinuxStandalone target not found
Native extension for WindowsStandalone target not found
Native extension for WebGL target not found
Refreshing native plugins compatible for Editor in 0.22 ms, found 0 plugins.
Preloading 0 native plugins for Editor in 0.00 ms.
Invoked RoslynAnalysisRunner static constructor.
RoslynAnalysisRunner will not be running.
RoslynAnalysisRunner has terminated.
Mono: successfully reloaded assembly
- Completed reload, in  0.748 seconds
Platform modules already initialized, skipping
Refreshing native plugins compatible for Editor in 0.19 ms, found 0 plugins.
Preloading 0 native plugins for Editor in 0.00 ms.
Unloading 1093 Unused Serialized files (Serialized files now loaded: 0)
System memory in use before: 57.8 MB.
System memory in use after: 57.9 MB.

Unloading 5 unused Assets to reduce memory usage. Loaded Objects now: 1548.
Total: 3.353200 ms (FindLiveObjects: 0.424500 ms CreateObjectMapping: 0.201300 ms MarkObjects: 2.658700 ms  DeleteObjects: 0.066100 ms)

========================================================================
Received Prepare
Registering precompiled user dll's ...
Registered in 0.000838 seconds.
Begin MonoManager ReloadAssembly
Native extension for LinuxStandalone target not found
Native extension for WindowsStandalone target not found
Native extension for WebGL target not found
Refreshing native plugins compatible for Editor in 0.19 ms, found 0 plugins.
Preloading 0 native plugins for Editor in 0.00 ms.
Invoked RoslynAnalysisRunner static constructor.
RoslynAnalysisRunner will not be running.
RoslynAnalysisRunner has terminated.
Mono: successfully reloaded assembly
- Completed reload, in  0.783 seconds
Platform modules already initialized, skipping
Refreshing native plugins compatible for Editor in 0.22 ms, found 0 plugins.
Preloading 0 native plugins for Editor in 0.00 ms.
Unloading 1093 Unused Serialized files (Serialized files now loaded: 0)
System memory in use before: 58.1 MB.
System memory in use after: 58.2 MB.

Unloading 5 unused Assets to reduce memory usage. Loaded Objects now: 1550.
Total: 1.535000 ms (FindLiveObjects: 0.127800 ms CreateObjectMapping: 0.036900 ms MarkObjects: 1.313400 ms  DeleteObjects: 0.056100 ms)

========================================================================
Received Import Request.
  Time since last request: 181.184408 seconds.
  path: Assets/Resources/Corps.prefab
  artifactKey: Guid(4ae9e7413f48cc544963720ac094a71f) Importer(815301076,1909f56bfc062723c751e8b465ee728b)
Start importing Assets/Resources/Corps.prefab using Guid(4ae9e7413f48cc544963720ac094a71f) Importer(815301076,1909f56bfc062723c751e8b465ee728b)  -> (artifact id: 'e47c4abcef0f4b1c188e20f93c344732') in 0.116966 seconds
  Import took 0.119734 seconds .

========================================================================
Received Prepare
Registering precompiled user dll's ...
Registered in 0.000603 seconds.
Begin MonoManager ReloadAssembly
Native extension for LinuxStandalone target not found
Native extension for WindowsStandalone target not found
Native extension for WebGL target not found
Refreshing native plugins compatible for Editor in 0.36 ms, found 0 plugins.
Preloading 0 native plugins for Editor in 0.00 ms.
Invoked RoslynAnalysisRunner static constructor.
RoslynAnalysisRunner will not be running.
RoslynAnalysisRunner has terminated.
Mono: successfully reloaded assembly
- Completed reload, in  0.755 seconds
Platform modules already initialized, skipping
Refreshing native plugins compatible for Editor in 0.22 ms, found 0 plugins.
Preloading 0 native plugins for Editor in 0.00 ms.
Unloading 1093 Unused Serialized files (Serialized files now loaded: 0)
System memory in use before: 61.6 MB.
System memory in use after: 61.7 MB.

Unloading 5 unused Assets to reduce memory usage. Loaded Objects now: 1562.
Total: 2.275400 ms (FindLiveObjects: 0.221200 ms CreateObjectMapping: 0.081700 ms MarkObjects: 1.910500 ms  DeleteObjects: 0.060600 ms)

========================================================================
Received Import Request.
  Time since last request: 175.955879 seconds.
  path: ProjectSettings/TagManager.asset
  artifactKey: Guid(00000000000000003000000000000000) Importer(815301076,1909f56bfc062723c751e8b465ee728b)
Start importing ProjectSettings/TagManager.asset using Guid(00000000000000003000000000000000) Importer(815301076,1909f56bfc062723c751e8b465ee728b)  -> (artifact id: '1d5c4d1c91783b1f50f92af52b399e1a') in 0.029713 seconds
  Import took 0.032774 seconds .

========================================================================
Received Import Request.
  Time since last request: 75.784699 seconds.
  path: Assets/Resources/Corps.prefab
  artifactKey: Guid(4ae9e7413f48cc544963720ac094a71f) Importer(815301076,1909f56bfc062723c751e8b465ee728b)
Start importing Assets/Resources/Corps.prefab using Guid(4ae9e7413f48cc544963720ac094a71f) Importer(815301076,1909f56bfc062723c751e8b465ee728b)  -> (artifact id: '9ba3b51bece45961e71d7898c849758e') in 0.057330 seconds
  Import took 0.060294 seconds .

========================================================================
Received Import Request.
  Time since last request: 6.754765 seconds.
  path: Assets/Resources/Balle.prefab
  artifactKey: Guid(e99ca866cdaa17b45ab82e2f38c2b4de) Importer(815301076,1909f56bfc062723c751e8b465ee728b)
Start importing Assets/Resources/Balle.prefab using Guid(e99ca866cdaa17b45ab82e2f38c2b4de) Importer(815301076,1909f56bfc062723c751e8b465ee728b)  -> (artifact id: '9e9339b5d8e9191528e4a2a84710b317') in 0.024604 seconds
  Import took 0.027649 seconds .

========================================================================
Received Import Request.
  Time since last request: 0.004198 seconds.
  path: Assets/Resources/Balle.prefab
  artifactKey: Guid(e99ca866cdaa17b45ab82e2f38c2b4de) Importer(815301076,1909f56bfc062723c751e8b465ee728b)
Start importing Assets/Resources/Balle.prefab using Guid(e99ca866cdaa17b45ab82e2f38c2b4de) Importer(815301076,1909f56bfc062723c751e8b465ee728b)  -> (artifact id: '9e9339b5d8e9191528e4a2a84710b317') in 0.014087 seconds
  Import took 0.017713 seconds .

========================================================================
Received Prepare
Registering precompiled user dll's ...
Registered in 0.002020 seconds.
Begin MonoManager ReloadAssembly
Native extension for LinuxStandalone target not found
Native extension for WindowsStandalone target not found
Native extension for WebGL target not found
Refreshing native plugins compatible for Editor in 0.22 ms, found 0 plugins.
Preloading 0 native plugins for Editor in 0.00 ms.
Invoked RoslynAnalysisRunner static constructor.
RoslynAnalysisRunner will not be running.
RoslynAnalysisRunner has terminated.
Mono: successfully reloaded assembly
- Completed reload, in  0.749 seconds
Platform modules already initialized, skipping
Refreshing native plugins compatible for Editor in 0.24 ms, found 0 plugins.
Preloading 0 native plugins for Editor in 0.00 ms.
Unloading 1093 Unused Serialized files (Serialized files now loaded: 0)
System memory in use before: 61.9 MB.
System memory in use after: 62.0 MB.

Unloading 6 unused Assets to reduce memory usage. Loaded Objects now: 1565.
Total: 2.806600 ms (FindLiveObjects: 0.258700 ms CreateObjectMapping: 0.035200 ms MarkObjects: 2.452300 ms  DeleteObjects: 0.059100 ms)

========================================================================
Received Import Request.
  Time since last request: 156.237330 seconds.
  path: Assets/Resources/Balle.prefab
  artifactKey: Guid(e99ca866cdaa17b45ab82e2f38c2b4de) Importer(815301076,1909f56bfc062723c751e8b465ee728b)
Start importing Assets/Resources/Balle.prefab using Guid(e99ca866cdaa17b45ab82e2f38c2b4de) Importer(815301076,1909f56bfc062723c751e8b465ee728b)  -> (artifact id: '9bb5d8abd2b5fc4ccd1f6edfebb789d2') in 0.055258 seconds
  Import took 0.057249 seconds .

========================================================================
Received Prepare
Registering precompiled user dll's ...
Registered in 0.000615 seconds.
Begin MonoManager ReloadAssembly
Native extension for LinuxStandalone target not found
Native extension for WindowsStandalone target not found
Native extension for WebGL target not found
Refreshing native plugins compatible for Editor in 0.23 ms, found 0 plugins.
Preloading 0 native plugins for Editor in 0.00 ms.
Invoked RoslynAnalysisRunner static constructor.
RoslynAnalysisRunner will not be running.
RoslynAnalysisRunner has terminated.
Mono: successfully reloaded assembly
- Completed reload, in  0.717 seconds
Platform modules already initialized, skipping
Refreshing native plugins compatible for Editor in 0.24 ms, found 0 plugins.
Preloading 0 native plugins for Editor in 0.00 ms.
Unloading 1093 Unused Serialized files (Serialized files now loaded: 0)
System memory in use before: 62.1 MB.
System memory in use after: 62.2 MB.

Unloading 5 unused Assets to reduce memory usage. Loaded Objects now: 1568.
Total: 2.588400 ms (FindLiveObjects: 0.208500 ms CreateObjectMapping: 0.059700 ms MarkObjects: 2.253500 ms  DeleteObjects: 0.065500 ms)

AssetImportWorkerClient::OnTransportError - code=2 error=End of file
