Using pre-set license
Built from '2020.2/release' branch; Version is '2020.2.1f1 (270dd8c3da1c) revision 2559448'; Using compiler version '192528614'; Build Type 'Release'
OS: 'Windows 10  (10.0.0) 64bit' Language: 'fr' Physical Memory: 8062 MB
BatchMode: 1, IsHumanControllingUs: 0, StartBugReporterOnCrash: 0, Is64bit: 1, IsPro: 0

 COMMAND LINE ARGUMENTS:
C:\Program Files\2020.2.1f1\Editor\Unity.exe
-adb2
-batchMode
-noUpm
-name
AssetImportWorker0
-projectPath
C:/Users/Jimmy/Projets_Unity/DialogueExo
-logFile
Logs/AssetImportWorker0.log
-srvPort
62030
Successfully changed project path to: C:/Users/Jimmy/Projets_Unity/DialogueExo
C:/Users/Jimmy/Projets_Unity/DialogueExo
Using Asset Import Pipeline V2.
Refreshing native plugins compatible for Editor in 55.70 ms, found 0 plugins.
Preloading 0 native plugins for Editor in 0.00 ms.
Initialize engine version: 2020.2.1f1 (270dd8c3da1c)
[Subsystems] Discovering subsystems at path C:/Program Files/2020.2.1f1/Editor/Data/Resources/UnitySubsystems
[Subsystems] Discovering subsystems at path C:/Users/Jimmy/Projets_Unity/DialogueExo/Assets
GfxDevice: creating device client; threaded=0
Direct3D:
    Version:  Direct3D 11.0 [level 11.1]
    Renderer: Intel(R) UHD Graphics 620 (ID=0x3ea0)
    Vendor:   
    VRAM:     4031 MB
    Driver:   27.20.100.8190
Initialize mono
Mono path[0] = 'C:/Program Files/2020.2.1f1/Editor/Data/Managed'
Mono path[1] = 'C:/Program Files/2020.2.1f1/Editor/Data/MonoBleedingEdge/lib/mono/unityjit'
Mono config path = 'C:/Program Files/2020.2.1f1/Editor/Data/MonoBleedingEdge/etc'
Using monoOptions --debugger-agent=transport=dt_socket,embedding=1,server=y,suspend=n,address=127.0.0.1:56612
Begin MonoManager ReloadAssembly
Registering precompiled unity dll's ...
Register platform support module: C:/Program Files/2020.2.1f1/Editor/Data/PlaybackEngines/WebGLSupport/UnityEditor.WebGL.Extensions.dll
Register platform support module: C:/Program Files/2020.2.1f1/Editor/Data/PlaybackEngines/WindowsStandaloneSupport/UnityEditor.WindowsStandalone.Extensions.dll
Register platform support module: C:/Program Files/2020.2.1f1/Editor/Data/PlaybackEngines/LinuxStandaloneSupport/UnityEditor.LinuxStandalone.Extensions.dll
Registered in 0.002263 seconds.
Native extension for LinuxStandalone target not found
Native extension for WindowsStandalone target not found
Native extension for WebGL target not found
Refreshing native plugins compatible for Editor in 22.48 ms, found 0 plugins.
Preloading 0 native plugins for Editor in 0.00 ms.
Invoked RoslynAnalysisRunner static constructor.
RoslynAnalysisRunner will not be running.
RoslynAnalysisRunner has terminated.
Mono: successfully reloaded assembly
- Completed reload, in  3.065 seconds
Platform modules already initialized, skipping
Registering precompiled user dll's ...
Registered in 0.000681 seconds.
Begin MonoManager ReloadAssembly
Native extension for LinuxStandalone target not found
Native extension for WindowsStandalone target not found
Native extension for WebGL target not found
Refreshing native plugins compatible for Editor in 0.24 ms, found 0 plugins.
Preloading 0 native plugins for Editor in 0.00 ms.
Invoked RoslynAnalysisRunner static constructor.
RoslynAnalysisRunner will not be running.
RoslynAnalysisRunner has terminated.
Mono: successfully reloaded assembly
- Completed reload, in  0.847 seconds
Platform modules already initialized, skipping
========================================================================
Worker process is ready to serve import requests
Launched and connected shader compiler UnityShaderCompiler.exe after 0.05 seconds
Refreshing native plugins compatible for Editor in 0.23 ms, found 0 plugins.
Preloading 0 native plugins for Editor in 0.00 ms.
Unloading 1110 Unused Serialized files (Serialized files now loaded: 0)
System memory in use before: 57.9 MB.
System memory in use after: 58.0 MB.

Unloading 10 unused Assets to reduce memory usage. Loaded Objects now: 1550.
Total: 3.421500 ms (FindLiveObjects: 0.406500 ms CreateObjectMapping: 0.218500 ms MarkObjects: 2.633400 ms  DeleteObjects: 0.139000 ms)

========================================================================
Received Import Request.
  path: Assets/Scripts/ScriptableObject/DialogueNPC.asset
  artifactKey: Guid(d1ec2e218bdd0f540ac280cd35979abd) Importer(815301076,1909f56bfc062723c751e8b465ee728b)
Start importing Assets/Scripts/ScriptableObject/DialogueNPC.asset using Guid(d1ec2e218bdd0f540ac280cd35979abd) Importer(815301076,1909f56bfc062723c751e8b465ee728b)  -> (artifact id: '1e1f6cf40bdc1839c4a61b33a750294a') in 0.035604 seconds
  Import took 0.038965 seconds .

========================================================================
Received Prepare
Refreshing native plugins compatible for Editor in 1.71 ms, found 0 plugins.
Preloading 0 native plugins for Editor in 0.00 ms.
Unloading 3 Unused Serialized files (Serialized files now loaded: 0)
System memory in use before: 35.3 MB.
System memory in use after: 35.4 MB.

Unloading 3 unused Assets to reduce memory usage. Loaded Objects now: 1550.
Total: 4.189800 ms (FindLiveObjects: 0.231600 ms CreateObjectMapping: 0.072900 ms MarkObjects: 3.835400 ms  DeleteObjects: 0.047200 ms)

========================================================================
Received Import Request.
  Time since last request: 56.145561 seconds.
  path: Assets/Scripts/ScriptableObject/DialogueNPC.asset
  artifactKey: Guid(d1ec2e218bdd0f540ac280cd35979abd) Importer(815301076,1909f56bfc062723c751e8b465ee728b)
Start importing Assets/Scripts/ScriptableObject/DialogueNPC.asset using Guid(d1ec2e218bdd0f540ac280cd35979abd) Importer(815301076,1909f56bfc062723c751e8b465ee728b)  -> (artifact id: '86aae94597b18d2698a03e124e4c5633') in 0.007679 seconds
  Import took 0.014413 seconds .

========================================================================
Received Prepare
Registering precompiled user dll's ...
Registered in 0.000669 seconds.
Begin MonoManager ReloadAssembly
Native extension for LinuxStandalone target not found
Native extension for WindowsStandalone target not found
Native extension for WebGL target not found
Refreshing native plugins compatible for Editor in 0.40 ms, found 0 plugins.
Preloading 0 native plugins for Editor in 0.00 ms.
Invoked RoslynAnalysisRunner static constructor.
RoslynAnalysisRunner will not be running.
RoslynAnalysisRunner has terminated.
Mono: successfully reloaded assembly
- Completed reload, in  1.912 seconds
Platform modules already initialized, skipping
Refreshing native plugins compatible for Editor in 0.40 ms, found 0 plugins.
Preloading 0 native plugins for Editor in 0.00 ms.
Unloading 1092 Unused Serialized files (Serialized files now loaded: 0)
System memory in use before: 57.2 MB.
System memory in use after: 57.3 MB.

Unloading 5 unused Assets to reduce memory usage. Loaded Objects now: 1552.
Total: 3.389900 ms (FindLiveObjects: 0.269800 ms CreateObjectMapping: 0.073600 ms MarkObjects: 2.942800 ms  DeleteObjects: 0.100900 ms)

========================================================================
Received Import Request.
  Time since last request: 139.159995 seconds.
  path: Assets/Scripts/ScriptableObject/DialogueNPC.asset
  artifactKey: Guid(d1ec2e218bdd0f540ac280cd35979abd) Importer(815301076,1909f56bfc062723c751e8b465ee728b)
Start importing Assets/Scripts/ScriptableObject/DialogueNPC.asset using Guid(d1ec2e218bdd0f540ac280cd35979abd) Importer(815301076,1909f56bfc062723c751e8b465ee728b)  -> (artifact id: '6442f75688453a8cc3a3ff6511f29ca7') in 0.036900 seconds
  Import took 0.044203 seconds .

AssetImportWorkerClient::OnTransportError - code=2 error=End of file
